{"/Users/danielgardner/Galvanize/WDI/Mod3/level-up/lvlup-backend/knex.js":{"path":"/Users/danielgardner/Galvanize/WDI/Mod3/level-up/lvlup-backend/knex.js","statementMap":{"0":{"start":{"line":1,"column":20},"end":{"line":1,"column":57}},"1":{"start":{"line":2,"column":19},"end":{"line":2,"column":53}},"2":{"start":{"line":3,"column":13},"end":{"line":3,"column":40}},"3":{"start":{"line":5,"column":0},"end":{"line":5,"column":22}}},"fnMap":{},"branchMap":{"0":{"loc":{"start":{"line":1,"column":20},"end":{"line":1,"column":57}},"type":"binary-expr","locations":[{"start":{"line":1,"column":20},"end":{"line":1,"column":40}},{"start":{"line":1,"column":44},"end":{"line":1,"column":57}}],"line":1}},"s":{"0":1,"1":1,"2":1,"3":1},"f":{},"b":{"0":[1,0]},"_coverageSchema":"332fd63041d2c1bcb487cc26dd0d5f7d97098a6c","hash":"1f1cb5c1b08ee2e0ddd10afac91e53f80e296048"},"/Users/danielgardner/Galvanize/WDI/Mod3/level-up/lvlup-backend/knexfile.js":{"path":"/Users/danielgardner/Galvanize/WDI/Mod3/level-up/lvlup-backend/knexfile.js","statementMap":{"0":{"start":{"line":1,"column":0},"end":{"line":17,"column":2}}},"fnMap":{},"branchMap":{},"s":{"0":1},"f":{},"b":{},"_coverageSchema":"332fd63041d2c1bcb487cc26dd0d5f7d97098a6c","hash":"ca1837ed12d0900f38be8338874e3804579d24e4"},"/Users/danielgardner/Galvanize/WDI/Mod3/level-up/lvlup-backend/app.js":{"path":"/Users/danielgardner/Galvanize/WDI/Mod3/level-up/lvlup-backend/app.js","statementMap":{"0":{"start":{"line":1,"column":16},"end":{"line":1,"column":34}},"1":{"start":{"line":2,"column":13},"end":{"line":2,"column":37}},"2":{"start":{"line":3,"column":12},"end":{"line":3,"column":21}},"3":{"start":{"line":4,"column":19},"end":{"line":4,"column":41}},"4":{"start":{"line":5,"column":17},"end":{"line":5,"column":36}},"5":{"start":{"line":6,"column":16},"end":{"line":6,"column":42}},"6":{"start":{"line":7,"column":23},"end":{"line":7,"column":59}},"7":{"start":{"line":8,"column":22},"end":{"line":8,"column":50}},"8":{"start":{"line":9,"column":21},"end":{"line":9,"column":45}},"9":{"start":{"line":10,"column":19},"end":{"line":10,"column":44}},"10":{"start":{"line":11,"column":22},"end":{"line":11,"column":50}},"11":{"start":{"line":12,"column":24},"end":{"line":12,"column":54}},"12":{"start":{"line":13,"column":25},"end":{"line":13,"column":56}},"13":{"start":{"line":14,"column":21},"end":{"line":14,"column":48}},"14":{"start":{"line":15,"column":20},"end":{"line":15,"column":46}},"15":{"start":{"line":16,"column":21},"end":{"line":16,"column":48}},"16":{"start":{"line":17,"column":22},"end":{"line":17,"column":50}},"17":{"start":{"line":18,"column":15},"end":{"line":18,"column":41}},"18":{"start":{"line":19,"column":13},"end":{"line":19,"column":28}},"19":{"start":{"line":20,"column":18},"end":{"line":20,"column":51}},"20":{"start":{"line":21,"column":13},"end":{"line":21,"column":28}},"21":{"start":{"line":23,"column":0},"end":{"line":25,"column":1}},"22":{"start":{"line":24,"column":2},"end":{"line":24,"column":29}},"23":{"start":{"line":27,"column":25},"end":{"line":37,"column":1}},"24":{"start":{"line":28,"column":2},"end":{"line":28,"column":55}},"25":{"start":{"line":29,"column":2},"end":{"line":29,"column":64}},"26":{"start":{"line":30,"column":2},"end":{"line":30,"column":68}},"27":{"start":{"line":31,"column":2},"end":{"line":31,"column":111}},"28":{"start":{"line":32,"column":2},"end":{"line":36,"column":3}},"29":{"start":{"line":33,"column":4},"end":{"line":33,"column":18}},"30":{"start":{"line":35,"column":4},"end":{"line":35,"column":11}},"31":{"start":{"line":39,"column":0},"end":{"line":39,"column":26}},"32":{"start":{"line":41,"column":0},"end":{"line":41,"column":16}},"33":{"start":{"line":42,"column":0},"end":{"line":42,"column":27}},"34":{"start":{"line":43,"column":0},"end":{"line":43,"column":52}},"35":{"start":{"line":44,"column":0},"end":{"line":44,"column":24}},"36":{"start":{"line":46,"column":0},"end":{"line":46,"column":55}},"37":{"start":{"line":48,"column":0},"end":{"line":53,"column":4}},"38":{"start":{"line":55,"column":0},"end":{"line":55,"column":31}},"39":{"start":{"line":56,"column":0},"end":{"line":56,"column":28}},"40":{"start":{"line":58,"column":0},"end":{"line":66,"column":6}},"41":{"start":{"line":65,"column":4},"end":{"line":65,"column":24}},"42":{"start":{"line":68,"column":0},"end":{"line":70,"column":3}},"43":{"start":{"line":69,"column":2},"end":{"line":69,"column":19}},"44":{"start":{"line":72,"column":0},"end":{"line":74,"column":3}},"45":{"start":{"line":73,"column":2},"end":{"line":73,"column":19}},"46":{"start":{"line":76,"column":0},"end":{"line":79,"column":3}},"47":{"start":{"line":77,"column":2},"end":{"line":77,"column":29}},"48":{"start":{"line":78,"column":2},"end":{"line":78,"column":9}},"49":{"start":{"line":82,"column":0},"end":{"line":82,"column":43}},"50":{"start":{"line":83,"column":0},"end":{"line":83,"column":46}},"51":{"start":{"line":84,"column":0},"end":{"line":84,"column":43}},"52":{"start":{"line":85,"column":0},"end":{"line":85,"column":45}},"53":{"start":{"line":86,"column":0},"end":{"line":86,"column":42}},"54":{"start":{"line":87,"column":0},"end":{"line":87,"column":42}},"55":{"start":{"line":89,"column":0},"end":{"line":89,"column":28}},"56":{"start":{"line":90,"column":0},"end":{"line":90,"column":31}},"57":{"start":{"line":91,"column":0},"end":{"line":91,"column":30}},"58":{"start":{"line":92,"column":0},"end":{"line":92,"column":29}},"59":{"start":{"line":93,"column":0},"end":{"line":93,"column":30}},"60":{"start":{"line":94,"column":0},"end":{"line":94,"column":31}},"61":{"start":{"line":95,"column":0},"end":{"line":95,"column":31}},"62":{"start":{"line":96,"column":0},"end":{"line":96,"column":33}},"63":{"start":{"line":97,"column":0},"end":{"line":97,"column":34}},"64":{"start":{"line":98,"column":0},"end":{"line":98,"column":24}},"65":{"start":{"line":100,"column":0},"end":{"line":102,"column":3}},"66":{"start":{"line":101,"column":2},"end":{"line":101,"column":63}},"67":{"start":{"line":104,"column":0},"end":{"line":106,"column":3}},"68":{"start":{"line":105,"column":2},"end":{"line":105,"column":58}},"69":{"start":{"line":108,"column":0},"end":{"line":108,"column":21}}},"fnMap":{"0":{"name":"(anonymous_0)","decl":{"start":{"line":27,"column":25},"end":{"line":27,"column":26}},"loc":{"start":{"line":27,"column":51},"end":{"line":37,"column":1}},"line":27},"1":{"name":"(anonymous_1)","decl":{"start":{"line":63,"column":2},"end":{"line":63,"column":3}},"loc":{"start":{"line":63,"column":48},"end":{"line":66,"column":3}},"line":63},"2":{"name":"(anonymous_2)","decl":{"start":{"line":68,"column":23},"end":{"line":68,"column":24}},"loc":{"start":{"line":68,"column":39},"end":{"line":70,"column":1}},"line":68},"3":{"name":"(anonymous_3)","decl":{"start":{"line":72,"column":25},"end":{"line":72,"column":26}},"loc":{"start":{"line":72,"column":41},"end":{"line":74,"column":1}},"line":72},"4":{"name":"(anonymous_4)","decl":{"start":{"line":76,"column":8},"end":{"line":76,"column":9}},"loc":{"start":{"line":76,"column":28},"end":{"line":79,"column":1}},"line":76},"5":{"name":"(anonymous_5)","decl":{"start":{"line":100,"column":13},"end":{"line":100,"column":14}},"loc":{"start":{"line":100,"column":27},"end":{"line":102,"column":1}},"line":100},"6":{"name":"(anonymous_6)","decl":{"start":{"line":104,"column":17},"end":{"line":104,"column":18}},"loc":{"start":{"line":104,"column":23},"end":{"line":106,"column":1}},"line":104}},"branchMap":{"0":{"loc":{"start":{"line":2,"column":13},"end":{"line":2,"column":37}},"type":"binary-expr","locations":[{"start":{"line":2,"column":13},"end":{"line":2,"column":29}},{"start":{"line":2,"column":33},"end":{"line":2,"column":37}}],"line":2},"1":{"loc":{"start":{"line":23,"column":0},"end":{"line":25,"column":1}},"type":"if","locations":[{"start":{"line":23,"column":0},"end":{"line":25,"column":1}},{"start":{"line":23,"column":0},"end":{"line":25,"column":1}}],"line":23},"2":{"loc":{"start":{"line":32,"column":2},"end":{"line":36,"column":3}},"type":"if","locations":[{"start":{"line":32,"column":2},"end":{"line":36,"column":3}},{"start":{"line":32,"column":2},"end":{"line":36,"column":3}}],"line":32}},"s":{"0":1,"1":1,"2":1,"3":1,"4":1,"5":1,"6":1,"7":1,"8":1,"9":1,"10":1,"11":1,"12":1,"13":1,"14":1,"15":1,"16":1,"17":1,"18":1,"19":1,"20":1,"21":1,"22":1,"23":1,"24":84,"25":84,"26":84,"27":84,"28":84,"29":0,"30":84,"31":1,"32":1,"33":1,"34":1,"35":1,"36":1,"37":1,"38":1,"39":1,"40":1,"41":0,"42":1,"43":0,"44":1,"45":0,"46":1,"47":84,"48":84,"49":1,"50":1,"51":1,"52":1,"53":1,"54":1,"55":1,"56":1,"57":1,"58":1,"59":1,"60":1,"61":1,"62":1,"63":1,"64":1,"65":1,"66":0,"67":1,"68":1,"69":1},"f":{"0":84,"1":0,"2":0,"3":0,"4":84,"5":0,"6":1},"b":{"0":[1,1],"1":[1,0],"2":[0,84]},"_coverageSchema":"332fd63041d2c1bcb487cc26dd0d5f7d97098a6c","hash":"29f07a2e13f6f7d9d17aba1cca69b53111afc3c7"},"/Users/danielgardner/Galvanize/WDI/Mod3/level-up/lvlup-backend/routes/students.js":{"path":"/Users/danielgardner/Galvanize/WDI/Mod3/level-up/lvlup-backend/routes/students.js","statementMap":{"0":{"start":{"line":1,"column":16},"end":{"line":1,"column":34}},"1":{"start":{"line":2,"column":17},"end":{"line":2,"column":51}},"2":{"start":{"line":3,"column":16},"end":{"line":3,"column":44}},"3":{"start":{"line":4,"column":32},"end":{"line":4,"column":83}},"4":{"start":{"line":5,"column":18},"end":{"line":5,"column":48}},"5":{"start":{"line":6,"column":15},"end":{"line":6,"column":42}},"6":{"start":{"line":7,"column":23},"end":{"line":7,"column":64}},"7":{"start":{"line":8,"column":15},"end":{"line":8,"column":43}},"8":{"start":{"line":9,"column":18},"end":{"line":9,"column":52}},"9":{"start":{"line":11,"column":15},"end":{"line":11,"column":31}},"10":{"start":{"line":13,"column":0},"end":{"line":19,"column":5}},"11":{"start":{"line":15,"column":4},"end":{"line":18,"column":53}},"12":{"start":{"line":17,"column":22},"end":{"line":17,"column":52}},"13":{"start":{"line":18,"column":18},"end":{"line":18,"column":51}},"14":{"start":{"line":21,"column":0},"end":{"line":51,"column":5}},"15":{"start":{"line":23,"column":4},"end":{"line":26,"column":53}},"16":{"start":{"line":25,"column":21},"end":{"line":25,"column":50}},"17":{"start":{"line":26,"column":18},"end":{"line":26,"column":51}},"18":{"start":{"line":30,"column":4},"end":{"line":34,"column":53}},"19":{"start":{"line":32,"column":21},"end":{"line":32,"column":38}},"20":{"start":{"line":33,"column":16},"end":{"line":33,"column":81}},"21":{"start":{"line":34,"column":18},"end":{"line":34,"column":51}},"22":{"start":{"line":38,"column":4},"end":{"line":50,"column":53}},"23":{"start":{"line":40,"column":21},"end":{"line":48,"column":6}},"24":{"start":{"line":49,"column":21},"end":{"line":49,"column":50}},"25":{"start":{"line":50,"column":18},"end":{"line":50,"column":51}},"26":{"start":{"line":53,"column":0},"end":{"line":59,"column":5}},"27":{"start":{"line":55,"column":4},"end":{"line":58,"column":53}},"28":{"start":{"line":57,"column":22},"end":{"line":57,"column":52}},"29":{"start":{"line":58,"column":18},"end":{"line":58,"column":51}},"30":{"start":{"line":61,"column":0},"end":{"line":67,"column":5}},"31":{"start":{"line":63,"column":4},"end":{"line":66,"column":53}},"32":{"start":{"line":65,"column":22},"end":{"line":65,"column":52}},"33":{"start":{"line":66,"column":18},"end":{"line":66,"column":51}},"34":{"start":{"line":69,"column":0},"end":{"line":78,"column":3}},"35":{"start":{"line":70,"column":2},"end":{"line":77,"column":53}},"36":{"start":{"line":71,"column":16},"end":{"line":71,"column":64}},"37":{"start":{"line":72,"column":16},"end":{"line":72,"column":68}},"38":{"start":{"line":74,"column":6},"end":{"line":74,"column":29}},"39":{"start":{"line":75,"column":6},"end":{"line":75,"column":50}},"40":{"start":{"line":77,"column":18},"end":{"line":77,"column":51}},"41":{"start":{"line":80,"column":0},"end":{"line":80,"column":24}}},"fnMap":{"0":{"name":"(anonymous_0)","decl":{"start":{"line":14,"column":26},"end":{"line":14,"column":27}},"loc":{"start":{"line":14,"column":40},"end":{"line":19,"column":3}},"line":14},"1":{"name":"(anonymous_1)","decl":{"start":{"line":17,"column":10},"end":{"line":17,"column":11}},"loc":{"start":{"line":17,"column":22},"end":{"line":17,"column":52}},"line":17},"2":{"name":"(anonymous_2)","decl":{"start":{"line":18,"column":11},"end":{"line":18,"column":12}},"loc":{"start":{"line":18,"column":18},"end":{"line":18,"column":51}},"line":18},"3":{"name":"(anonymous_3)","decl":{"start":{"line":22,"column":31},"end":{"line":22,"column":32}},"loc":{"start":{"line":22,"column":45},"end":{"line":27,"column":3}},"line":22},"4":{"name":"(anonymous_4)","decl":{"start":{"line":25,"column":10},"end":{"line":25,"column":11}},"loc":{"start":{"line":25,"column":21},"end":{"line":25,"column":50}},"line":25},"5":{"name":"(anonymous_5)","decl":{"start":{"line":26,"column":11},"end":{"line":26,"column":12}},"loc":{"start":{"line":26,"column":18},"end":{"line":26,"column":51}},"line":26},"6":{"name":"(anonymous_6)","decl":{"start":{"line":29,"column":10},"end":{"line":29,"column":11}},"loc":{"start":{"line":29,"column":24},"end":{"line":35,"column":3}},"line":29},"7":{"name":"(anonymous_7)","decl":{"start":{"line":32,"column":10},"end":{"line":32,"column":11}},"loc":{"start":{"line":32,"column":21},"end":{"line":32,"column":38}},"line":32},"8":{"name":"(anonymous_8)","decl":{"start":{"line":33,"column":10},"end":{"line":33,"column":11}},"loc":{"start":{"line":33,"column":16},"end":{"line":33,"column":81}},"line":33},"9":{"name":"(anonymous_9)","decl":{"start":{"line":34,"column":11},"end":{"line":34,"column":12}},"loc":{"start":{"line":34,"column":18},"end":{"line":34,"column":51}},"line":34},"10":{"name":"(anonymous_10)","decl":{"start":{"line":37,"column":7},"end":{"line":37,"column":8}},"loc":{"start":{"line":37,"column":21},"end":{"line":51,"column":3}},"line":37},"11":{"name":"(anonymous_11)","decl":{"start":{"line":40,"column":10},"end":{"line":40,"column":11}},"loc":{"start":{"line":40,"column":21},"end":{"line":48,"column":6}},"line":40},"12":{"name":"(anonymous_12)","decl":{"start":{"line":49,"column":10},"end":{"line":49,"column":11}},"loc":{"start":{"line":49,"column":21},"end":{"line":49,"column":50}},"line":49},"13":{"name":"(anonymous_13)","decl":{"start":{"line":50,"column":11},"end":{"line":50,"column":12}},"loc":{"start":{"line":50,"column":18},"end":{"line":50,"column":51}},"line":50},"14":{"name":"(anonymous_14)","decl":{"start":{"line":54,"column":7},"end":{"line":54,"column":8}},"loc":{"start":{"line":54,"column":21},"end":{"line":59,"column":3}},"line":54},"15":{"name":"(anonymous_15)","decl":{"start":{"line":57,"column":10},"end":{"line":57,"column":11}},"loc":{"start":{"line":57,"column":22},"end":{"line":57,"column":52}},"line":57},"16":{"name":"(anonymous_16)","decl":{"start":{"line":58,"column":11},"end":{"line":58,"column":12}},"loc":{"start":{"line":58,"column":18},"end":{"line":58,"column":51}},"line":58},"17":{"name":"(anonymous_17)","decl":{"start":{"line":62,"column":7},"end":{"line":62,"column":8}},"loc":{"start":{"line":62,"column":21},"end":{"line":67,"column":3}},"line":62},"18":{"name":"(anonymous_18)","decl":{"start":{"line":65,"column":10},"end":{"line":65,"column":11}},"loc":{"start":{"line":65,"column":22},"end":{"line":65,"column":52}},"line":65},"19":{"name":"(anonymous_19)","decl":{"start":{"line":66,"column":11},"end":{"line":66,"column":12}},"loc":{"start":{"line":66,"column":18},"end":{"line":66,"column":51}},"line":66},"20":{"name":"(anonymous_20)","decl":{"start":{"line":69,"column":41},"end":{"line":69,"column":42}},"loc":{"start":{"line":69,"column":55},"end":{"line":78,"column":1}},"line":69},"21":{"name":"(anonymous_21)","decl":{"start":{"line":71,"column":10},"end":{"line":71,"column":11}},"loc":{"start":{"line":71,"column":16},"end":{"line":71,"column":64}},"line":71},"22":{"name":"(anonymous_22)","decl":{"start":{"line":72,"column":10},"end":{"line":72,"column":11}},"loc":{"start":{"line":72,"column":16},"end":{"line":72,"column":68}},"line":72},"23":{"name":"(anonymous_23)","decl":{"start":{"line":73,"column":10},"end":{"line":73,"column":11}},"loc":{"start":{"line":73,"column":16},"end":{"line":76,"column":5}},"line":73},"24":{"name":"(anonymous_24)","decl":{"start":{"line":77,"column":11},"end":{"line":77,"column":12}},"loc":{"start":{"line":77,"column":18},"end":{"line":77,"column":51}},"line":77}},"branchMap":{"0":{"loc":{"start":{"line":41,"column":16},"end":{"line":41,"column":60}},"type":"binary-expr","locations":[{"start":{"line":41,"column":16},"end":{"line":41,"column":33}},{"start":{"line":41,"column":37},"end":{"line":41,"column":60}}],"line":41},"1":{"loc":{"start":{"line":42,"column":12},"end":{"line":42,"column":48}},"type":"binary-expr","locations":[{"start":{"line":42,"column":12},"end":{"line":42,"column":25}},{"start":{"line":42,"column":29},"end":{"line":42,"column":48}}],"line":42}},"s":{"0":1,"1":1,"2":1,"3":1,"4":1,"5":1,"6":1,"7":1,"8":1,"9":1,"10":1,"11":2,"12":2,"13":0,"14":1,"15":2,"16":2,"17":0,"18":2,"19":2,"20":1,"21":1,"22":2,"23":2,"24":2,"25":0,"26":1,"27":2,"28":2,"29":0,"30":1,"31":2,"32":2,"33":0,"34":1,"35":0,"36":0,"37":0,"38":0,"39":0,"40":0,"41":1},"f":{"0":2,"1":2,"2":0,"3":2,"4":2,"5":0,"6":2,"7":2,"8":1,"9":1,"10":2,"11":2,"12":2,"13":0,"14":2,"15":2,"16":0,"17":2,"18":2,"19":0,"20":0,"21":0,"22":0,"23":0,"24":0},"b":{"0":[2,1],"1":[2,2]},"_coverageSchema":"332fd63041d2c1bcb487cc26dd0d5f7d97098a6c","hash":"4e68c438db2fcaab7a2826b460d667e32a8d3bd8"},"/Users/danielgardner/Galvanize/WDI/Mod3/level-up/lvlup-backend/collections/students.js":{"path":"/Users/danielgardner/Galvanize/WDI/Mod3/level-up/lvlup-backend/collections/students.js","statementMap":{"0":{"start":{"line":1,"column":18},"end":{"line":1,"column":41}},"1":{"start":{"line":2,"column":22},"end":{"line":2,"column":48}},"2":{"start":{"line":3,"column":16},"end":{"line":3,"column":44}},"3":{"start":{"line":5,"column":17},"end":{"line":7,"column":2}},"4":{"start":{"line":9,"column":0},"end":{"line":9,"column":60}}},"fnMap":{},"branchMap":{},"s":{"0":1,"1":1,"2":1,"3":1,"4":1},"f":{},"b":{},"_coverageSchema":"332fd63041d2c1bcb487cc26dd0d5f7d97098a6c","hash":"666a04106bcf0003fb5ede5d82afef6f76e5c1ab"},"/Users/danielgardner/Galvanize/WDI/Mod3/level-up/lvlup-backend/bookshelf.js":{"path":"/Users/danielgardner/Galvanize/WDI/Mod3/level-up/lvlup-backend/bookshelf.js","statementMap":{"0":{"start":{"line":1,"column":13},"end":{"line":1,"column":30}},"1":{"start":{"line":2,"column":18},"end":{"line":2,"column":44}},"2":{"start":{"line":4,"column":0},"end":{"line":4,"column":29}},"3":{"start":{"line":5,"column":0},"end":{"line":5,"column":31}},"4":{"start":{"line":7,"column":0},"end":{"line":7,"column":27}}},"fnMap":{},"branchMap":{},"s":{"0":1,"1":1,"2":1,"3":1,"4":1},"f":{},"b":{},"_coverageSchema":"332fd63041d2c1bcb487cc26dd0d5f7d97098a6c","hash":"aa4e1ea22c57fdad4baf53f61c1a19a87a52e3d2"},"/Users/danielgardner/Galvanize/WDI/Mod3/level-up/lvlup-backend/collections/lvlCollection.js":{"path":"/Users/danielgardner/Galvanize/WDI/Mod3/level-up/lvlup-backend/collections/lvlCollection.js","statementMap":{"0":{"start":{"line":1,"column":18},"end":{"line":1,"column":41}},"1":{"start":{"line":3,"column":0},"end":{"line":3,"column":29}},"2":{"start":{"line":4,"column":0},"end":{"line":4,"column":31}},"3":{"start":{"line":6,"column":22},"end":{"line":8,"column":2}},"4":{"start":{"line":10,"column":0},"end":{"line":10,"column":31}}},"fnMap":{},"branchMap":{},"s":{"0":1,"1":1,"2":1,"3":1,"4":1},"f":{},"b":{},"_coverageSchema":"332fd63041d2c1bcb487cc26dd0d5f7d97098a6c","hash":"416242bede5c53994ad44aad41547589a3a4e67a"},"/Users/danielgardner/Galvanize/WDI/Mod3/level-up/lvlup-backend/models/student.js":{"path":"/Users/danielgardner/Galvanize/WDI/Mod3/level-up/lvlup-backend/models/student.js","statementMap":{"0":{"start":{"line":1,"column":18},"end":{"line":1,"column":41}},"1":{"start":{"line":2,"column":17},"end":{"line":2,"column":38}},"2":{"start":{"line":4,"column":0},"end":{"line":4,"column":20}},"3":{"start":{"line":5,"column":0},"end":{"line":5,"column":39}},"4":{"start":{"line":6,"column":0},"end":{"line":6,"column":34}},"5":{"start":{"line":7,"column":0},"end":{"line":7,"column":38}},"6":{"start":{"line":8,"column":0},"end":{"line":8,"column":28}},"7":{"start":{"line":10,"column":16},"end":{"line":29,"column":2}},"8":{"start":{"line":15,"column":4},"end":{"line":15,"column":36}},"9":{"start":{"line":18,"column":4},"end":{"line":18,"column":86}},"10":{"start":{"line":21,"column":4},"end":{"line":21,"column":47}},"11":{"start":{"line":24,"column":4},"end":{"line":24,"column":50}},"12":{"start":{"line":27,"column":4},"end":{"line":27,"column":41}},"13":{"start":{"line":31,"column":0},"end":{"line":31,"column":53}}},"fnMap":{},"branchMap":{},"s":{"0":1,"1":1,"2":1,"3":1,"4":1,"5":1,"6":1,"7":1,"8":0,"9":0,"10":0,"11":0,"12":0,"13":1},"f":{},"b":{},"_coverageSchema":"332fd63041d2c1bcb487cc26dd0d5f7d97098a6c","hash":"513e67a33be4977d7d3600621f47a6e287af1fd4"},"/Users/danielgardner/Galvanize/WDI/Mod3/level-up/lvlup-backend/models/lvlModel.js":{"path":"/Users/danielgardner/Galvanize/WDI/Mod3/level-up/lvlup-backend/models/lvlModel.js","statementMap":{"0":{"start":{"line":1,"column":18},"end":{"line":1,"column":41}},"1":{"start":{"line":2,"column":18},"end":{"line":2,"column":59}},"2":{"start":{"line":4,"column":0},"end":{"line":4,"column":29}},"3":{"start":{"line":5,"column":0},"end":{"line":5,"column":31}},"4":{"start":{"line":7,"column":17},"end":{"line":8,"column":2}},"5":{"start":{"line":10,"column":0},"end":{"line":10,"column":26}}},"fnMap":{},"branchMap":{},"s":{"0":1,"1":1,"2":1,"3":1,"4":1,"5":1},"f":{},"b":{},"_coverageSchema":"332fd63041d2c1bcb487cc26dd0d5f7d97098a6c","hash":"fb02c66777b5373ea183fbe4190000dd3c10bfcd"},"/Users/danielgardner/Galvanize/WDI/Mod3/level-up/lvlup-backend/models/cohort.js":{"path":"/Users/danielgardner/Galvanize/WDI/Mod3/level-up/lvlup-backend/models/cohort.js","statementMap":{"0":{"start":{"line":1,"column":18},"end":{"line":1,"column":41}},"1":{"start":{"line":2,"column":17},"end":{"line":2,"column":38}},"2":{"start":{"line":4,"column":0},"end":{"line":4,"column":21}},"3":{"start":{"line":5,"column":0},"end":{"line":5,"column":20}},"4":{"start":{"line":6,"column":0},"end":{"line":6,"column":19}},"5":{"start":{"line":7,"column":0},"end":{"line":7,"column":26}},"6":{"start":{"line":8,"column":0},"end":{"line":8,"column":34}},"7":{"start":{"line":9,"column":0},"end":{"line":9,"column":28}},"8":{"start":{"line":11,"column":15},"end":{"line":30,"column":2}},"9":{"start":{"line":16,"column":4},"end":{"line":16,"column":35}},"10":{"start":{"line":19,"column":4},"end":{"line":19,"column":36}},"11":{"start":{"line":22,"column":4},"end":{"line":22,"column":62}},"12":{"start":{"line":25,"column":4},"end":{"line":25,"column":47}},"13":{"start":{"line":28,"column":4},"end":{"line":28,"column":41}},"14":{"start":{"line":32,"column":0},"end":{"line":32,"column":51}}},"fnMap":{},"branchMap":{},"s":{"0":1,"1":1,"2":1,"3":1,"4":1,"5":1,"6":1,"7":1,"8":1,"9":0,"10":2,"11":0,"12":0,"13":0,"14":1},"f":{},"b":{},"_coverageSchema":"332fd63041d2c1bcb487cc26dd0d5f7d97098a6c","hash":"4cfd9ce9afe053feaaba9e45fe31fe4138d4ed95"},"/Users/danielgardner/Galvanize/WDI/Mod3/level-up/lvlup-backend/models/campus.js":{"path":"/Users/danielgardner/Galvanize/WDI/Mod3/level-up/lvlup-backend/models/campus.js","statementMap":{"0":{"start":{"line":1,"column":18},"end":{"line":1,"column":41}},"1":{"start":{"line":2,"column":17},"end":{"line":2,"column":38}},"2":{"start":{"line":4,"column":0},"end":{"line":4,"column":20}},"3":{"start":{"line":5,"column":0},"end":{"line":5,"column":19}},"4":{"start":{"line":6,"column":0},"end":{"line":6,"column":23}},"5":{"start":{"line":7,"column":0},"end":{"line":7,"column":20}},"6":{"start":{"line":9,"column":15},"end":{"line":25,"column":2}},"7":{"start":{"line":14,"column":4},"end":{"line":14,"column":34}},"8":{"start":{"line":17,"column":4},"end":{"line":17,"column":33}},"9":{"start":{"line":20,"column":4},"end":{"line":20,"column":34}},"10":{"start":{"line":23,"column":4},"end":{"line":23,"column":37}},"11":{"start":{"line":27,"column":0},"end":{"line":27,"column":51}}},"fnMap":{},"branchMap":{},"s":{"0":1,"1":1,"2":1,"3":1,"4":1,"5":1,"6":1,"7":0,"8":0,"9":0,"10":0,"11":1},"f":{},"b":{},"_coverageSchema":"332fd63041d2c1bcb487cc26dd0d5f7d97098a6c","hash":"09122be068d94cff0933fb09fc5a629e0ceef761"},"/Users/danielgardner/Galvanize/WDI/Mod3/level-up/lvlup-backend/models/admin.js":{"path":"/Users/danielgardner/Galvanize/WDI/Mod3/level-up/lvlup-backend/models/admin.js","statementMap":{"0":{"start":{"line":1,"column":18},"end":{"line":1,"column":41}},"1":{"start":{"line":2,"column":17},"end":{"line":2,"column":38}},"2":{"start":{"line":4,"column":0},"end":{"line":4,"column":20}},"3":{"start":{"line":5,"column":0},"end":{"line":5,"column":26}},"4":{"start":{"line":6,"column":0},"end":{"line":6,"column":20}},"5":{"start":{"line":8,"column":14},"end":{"line":19,"column":2}},"6":{"start":{"line":14,"column":4},"end":{"line":14,"column":63}},"7":{"start":{"line":17,"column":4},"end":{"line":17,"column":36}},"8":{"start":{"line":21,"column":0},"end":{"line":21,"column":49}}},"fnMap":{},"branchMap":{},"s":{"0":1,"1":1,"2":1,"3":1,"4":1,"5":1,"6":2,"7":0,"8":1},"f":{},"b":{},"_coverageSchema":"332fd63041d2c1bcb487cc26dd0d5f7d97098a6c","hash":"ef79a7c4fdb0b040dfa3a2574ecd18611ac94796"},"/Users/danielgardner/Galvanize/WDI/Mod3/level-up/lvlup-backend/models/admin_cohort.js":{"path":"/Users/danielgardner/Galvanize/WDI/Mod3/level-up/lvlup-backend/models/admin_cohort.js","statementMap":{"0":{"start":{"line":1,"column":18},"end":{"line":1,"column":41}},"1":{"start":{"line":2,"column":17},"end":{"line":2,"column":38}},"2":{"start":{"line":4,"column":0},"end":{"line":4,"column":20}},"3":{"start":{"line":5,"column":0},"end":{"line":5,"column":19}},"4":{"start":{"line":7,"column":20},"end":{"line":17,"column":2}},"5":{"start":{"line":12,"column":4},"end":{"line":12,"column":36}},"6":{"start":{"line":15,"column":4},"end":{"line":15,"column":35}},"7":{"start":{"line":19,"column":0},"end":{"line":19,"column":61}}},"fnMap":{},"branchMap":{},"s":{"0":1,"1":1,"2":1,"3":1,"4":1,"5":1,"6":0,"7":1},"f":{},"b":{},"_coverageSchema":"332fd63041d2c1bcb487cc26dd0d5f7d97098a6c","hash":"91a4319338dcd26bd8ba521a94a6ea48ee11df34"},"/Users/danielgardner/Galvanize/WDI/Mod3/level-up/lvlup-backend/models/challenge.js":{"path":"/Users/danielgardner/Galvanize/WDI/Mod3/level-up/lvlup-backend/models/challenge.js","statementMap":{"0":{"start":{"line":1,"column":18},"end":{"line":1,"column":41}},"1":{"start":{"line":2,"column":17},"end":{"line":2,"column":38}},"2":{"start":{"line":4,"column":0},"end":{"line":4,"column":22}},"3":{"start":{"line":5,"column":0},"end":{"line":5,"column":20}},"4":{"start":{"line":6,"column":0},"end":{"line":6,"column":34}},"5":{"start":{"line":8,"column":18},"end":{"line":21,"column":2}},"6":{"start":{"line":13,"column":4},"end":{"line":13,"column":38}},"7":{"start":{"line":16,"column":4},"end":{"line":16,"column":40}},"8":{"start":{"line":19,"column":4},"end":{"line":19,"column":47}},"9":{"start":{"line":23,"column":0},"end":{"line":23,"column":57}}},"fnMap":{},"branchMap":{},"s":{"0":1,"1":1,"2":1,"3":1,"4":1,"5":1,"6":2,"7":0,"8":0,"9":1},"f":{},"b":{},"_coverageSchema":"332fd63041d2c1bcb487cc26dd0d5f7d97098a6c","hash":"52d7711cf91afc6c48c82d467e99fd7f151f4b31"},"/Users/danielgardner/Galvanize/WDI/Mod3/level-up/lvlup-backend/models/category.js":{"path":"/Users/danielgardner/Galvanize/WDI/Mod3/level-up/lvlup-backend/models/category.js","statementMap":{"0":{"start":{"line":1,"column":18},"end":{"line":1,"column":41}},"1":{"start":{"line":2,"column":17},"end":{"line":2,"column":38}},"2":{"start":{"line":4,"column":0},"end":{"line":4,"column":23}},"3":{"start":{"line":5,"column":0},"end":{"line":5,"column":20}},"4":{"start":{"line":6,"column":0},"end":{"line":6,"column":34}},"5":{"start":{"line":7,"column":0},"end":{"line":7,"column":28}},"6":{"start":{"line":9,"column":17},"end":{"line":26,"column":2}},"7":{"start":{"line":15,"column":4},"end":{"line":15,"column":37}},"8":{"start":{"line":18,"column":4},"end":{"line":18,"column":34}},"9":{"start":{"line":21,"column":4},"end":{"line":21,"column":47}},"10":{"start":{"line":24,"column":4},"end":{"line":24,"column":41}},"11":{"start":{"line":28,"column":0},"end":{"line":28,"column":55}}},"fnMap":{},"branchMap":{},"s":{"0":1,"1":1,"2":1,"3":1,"4":1,"5":1,"6":1,"7":0,"8":0,"9":0,"10":0,"11":1},"f":{},"b":{},"_coverageSchema":"332fd63041d2c1bcb487cc26dd0d5f7d97098a6c","hash":"ee43f8c2857c7c7bf03443182f491c11880fa1a0"},"/Users/danielgardner/Galvanize/WDI/Mod3/level-up/lvlup-backend/models/reward.js":{"path":"/Users/danielgardner/Galvanize/WDI/Mod3/level-up/lvlup-backend/models/reward.js","statementMap":{"0":{"start":{"line":1,"column":18},"end":{"line":1,"column":41}},"1":{"start":{"line":2,"column":17},"end":{"line":2,"column":38}},"2":{"start":{"line":4,"column":0},"end":{"line":4,"column":20}},"3":{"start":{"line":5,"column":0},"end":{"line":5,"column":22}},"4":{"start":{"line":6,"column":0},"end":{"line":6,"column":28}},"5":{"start":{"line":8,"column":15},"end":{"line":21,"column":2}},"6":{"start":{"line":13,"column":4},"end":{"line":13,"column":40}},"7":{"start":{"line":16,"column":4},"end":{"line":16,"column":38}},"8":{"start":{"line":19,"column":4},"end":{"line":19,"column":42}},"9":{"start":{"line":23,"column":0},"end":{"line":23,"column":51}}},"fnMap":{},"branchMap":{},"s":{"0":1,"1":1,"2":1,"3":1,"4":1,"5":1,"6":0,"7":0,"8":0,"9":1},"f":{},"b":{},"_coverageSchema":"332fd63041d2c1bcb487cc26dd0d5f7d97098a6c","hash":"0aa35044082de779e1c293be97774827971ae409"},"/Users/danielgardner/Galvanize/WDI/Mod3/level-up/lvlup-backend/models/reward_request.js":{"path":"/Users/danielgardner/Galvanize/WDI/Mod3/level-up/lvlup-backend/models/reward_request.js","statementMap":{"0":{"start":{"line":1,"column":18},"end":{"line":1,"column":41}},"1":{"start":{"line":2,"column":17},"end":{"line":2,"column":38}},"2":{"start":{"line":4,"column":0},"end":{"line":4,"column":21}},"3":{"start":{"line":5,"column":0},"end":{"line":5,"column":20}},"4":{"start":{"line":6,"column":0},"end":{"line":6,"column":22}},"5":{"start":{"line":8,"column":22},"end":{"line":21,"column":2}},"6":{"start":{"line":13,"column":4},"end":{"line":13,"column":37}},"7":{"start":{"line":16,"column":4},"end":{"line":16,"column":36}},"8":{"start":{"line":19,"column":4},"end":{"line":19,"column":38}},"9":{"start":{"line":23,"column":0},"end":{"line":23,"column":65}}},"fnMap":{},"branchMap":{},"s":{"0":1,"1":1,"2":1,"3":1,"4":1,"5":1,"6":3,"7":3,"8":3,"9":1},"f":{},"b":{},"_coverageSchema":"332fd63041d2c1bcb487cc26dd0d5f7d97098a6c","hash":"e7241954057a37386757ee87ecba34a25f76acb3"},"/Users/danielgardner/Galvanize/WDI/Mod3/level-up/lvlup-backend/models/challenge_submission.js":{"path":"/Users/danielgardner/Galvanize/WDI/Mod3/level-up/lvlup-backend/models/challenge_submission.js","statementMap":{"0":{"start":{"line":1,"column":18},"end":{"line":1,"column":41}},"1":{"start":{"line":2,"column":17},"end":{"line":2,"column":38}},"2":{"start":{"line":4,"column":0},"end":{"line":4,"column":23}},"3":{"start":{"line":5,"column":0},"end":{"line":5,"column":21}},"4":{"start":{"line":6,"column":0},"end":{"line":6,"column":22}},"5":{"start":{"line":8,"column":28},"end":{"line":21,"column":2}},"6":{"start":{"line":13,"column":4},"end":{"line":13,"column":39}},"7":{"start":{"line":16,"column":4},"end":{"line":16,"column":37}},"8":{"start":{"line":19,"column":4},"end":{"line":19,"column":38}},"9":{"start":{"line":23,"column":0},"end":{"line":23,"column":77}}},"fnMap":{},"branchMap":{},"s":{"0":1,"1":1,"2":1,"3":1,"4":1,"5":1,"6":3,"7":3,"8":3,"9":1},"f":{},"b":{},"_coverageSchema":"332fd63041d2c1bcb487cc26dd0d5f7d97098a6c","hash":"37ed49de535dd2028cde9b1a4e30c4ddfe25ec5d"},"/Users/danielgardner/Galvanize/WDI/Mod3/level-up/lvlup-backend/models/reward_suggestion_student.js":{"path":"/Users/danielgardner/Galvanize/WDI/Mod3/level-up/lvlup-backend/models/reward_suggestion_student.js","statementMap":{"0":{"start":{"line":1,"column":18},"end":{"line":1,"column":41}},"1":{"start":{"line":2,"column":17},"end":{"line":2,"column":38}},"2":{"start":{"line":4,"column":0},"end":{"line":4,"column":31}},"3":{"start":{"line":5,"column":0},"end":{"line":5,"column":21}},"4":{"start":{"line":7,"column":32},"end":{"line":17,"column":2}},"5":{"start":{"line":12,"column":4},"end":{"line":12,"column":35}},"6":{"start":{"line":15,"column":4},"end":{"line":15,"column":43}},"7":{"start":{"line":19,"column":0},"end":{"line":19,"column":85}}},"fnMap":{},"branchMap":{},"s":{"0":1,"1":1,"2":1,"3":1,"4":1,"5":0,"6":0,"7":1},"f":{},"b":{},"_coverageSchema":"332fd63041d2c1bcb487cc26dd0d5f7d97098a6c","hash":"08578b7e7f9cddafffed70fab58a066edba076ad"},"/Users/danielgardner/Galvanize/WDI/Mod3/level-up/lvlup-backend/models/reward_suggestion.js":{"path":"/Users/danielgardner/Galvanize/WDI/Mod3/level-up/lvlup-backend/models/reward_suggestion.js","statementMap":{"0":{"start":{"line":1,"column":18},"end":{"line":1,"column":41}},"1":{"start":{"line":2,"column":17},"end":{"line":2,"column":38}},"2":{"start":{"line":4,"column":0},"end":{"line":4,"column":21}},"3":{"start":{"line":5,"column":0},"end":{"line":5,"column":39}},"4":{"start":{"line":7,"column":25},"end":{"line":14,"column":2}},"5":{"start":{"line":12,"column":4},"end":{"line":12,"column":76}},"6":{"start":{"line":16,"column":0},"end":{"line":16,"column":71}}},"fnMap":{},"branchMap":{},"s":{"0":1,"1":1,"2":1,"3":1,"4":1,"5":0,"6":1},"f":{},"b":{},"_coverageSchema":"332fd63041d2c1bcb487cc26dd0d5f7d97098a6c","hash":"bbd494125110674f34f59dadbc3c07266436eb15"},"/Users/danielgardner/Galvanize/WDI/Mod3/level-up/lvlup-backend/models/challenge_submission_pts.js":{"path":"/Users/danielgardner/Galvanize/WDI/Mod3/level-up/lvlup-backend/models/challenge_submission_pts.js","statementMap":{"0":{"start":{"line":1,"column":18},"end":{"line":1,"column":41}},"1":{"start":{"line":2,"column":17},"end":{"line":2,"column":38}},"2":{"start":{"line":4,"column":0},"end":{"line":4,"column":23}},"3":{"start":{"line":5,"column":0},"end":{"line":5,"column":21}},"4":{"start":{"line":7,"column":31},"end":{"line":18,"column":2}},"5":{"start":{"line":13,"column":4},"end":{"line":13,"column":39}},"6":{"start":{"line":16,"column":4},"end":{"line":16,"column":37}},"7":{"start":{"line":20,"column":0},"end":{"line":20,"column":83}}},"fnMap":{},"branchMap":{},"s":{"0":1,"1":1,"2":1,"3":1,"4":1,"5":0,"6":0,"7":1},"f":{},"b":{},"_coverageSchema":"332fd63041d2c1bcb487cc26dd0d5f7d97098a6c","hash":"264e5e697646e7aaf09562261cf8b6c615ec0b85"},"/Users/danielgardner/Galvanize/WDI/Mod3/level-up/lvlup-backend/collections/challenge_submissions_pts.js":{"path":"/Users/danielgardner/Galvanize/WDI/Mod3/level-up/lvlup-backend/collections/challenge_submissions_pts.js","statementMap":{"0":{"start":{"line":1,"column":18},"end":{"line":1,"column":41}},"1":{"start":{"line":2,"column":22},"end":{"line":2,"column":48}},"2":{"start":{"line":3,"column":31},"end":{"line":3,"column":76}},"3":{"start":{"line":5,"column":32},"end":{"line":7,"column":2}},"4":{"start":{"line":9,"column":0},"end":{"line":9,"column":90}}},"fnMap":{},"branchMap":{},"s":{"0":1,"1":1,"2":1,"3":1,"4":1},"f":{},"b":{},"_coverageSchema":"332fd63041d2c1bcb487cc26dd0d5f7d97098a6c","hash":"fc011518304eab1d7f9faa9acadbfb33eb32a1c7"},"/Users/danielgardner/Galvanize/WDI/Mod3/level-up/lvlup-backend/collections/reward_requests.js":{"path":"/Users/danielgardner/Galvanize/WDI/Mod3/level-up/lvlup-backend/collections/reward_requests.js","statementMap":{"0":{"start":{"line":1,"column":18},"end":{"line":1,"column":41}},"1":{"start":{"line":2,"column":22},"end":{"line":2,"column":48}},"2":{"start":{"line":3,"column":22},"end":{"line":3,"column":57}},"3":{"start":{"line":5,"column":23},"end":{"line":7,"column":2}},"4":{"start":{"line":9,"column":0},"end":{"line":9,"column":72}}},"fnMap":{},"branchMap":{},"s":{"0":1,"1":1,"2":1,"3":1,"4":1},"f":{},"b":{},"_coverageSchema":"332fd63041d2c1bcb487cc26dd0d5f7d97098a6c","hash":"1c080b6cc399624c4846928d51aa4c4753b045c0"},"/Users/danielgardner/Galvanize/WDI/Mod3/level-up/lvlup-backend/helpers/points.js":{"path":"/Users/danielgardner/Galvanize/WDI/Mod3/level-up/lvlup-backend/helpers/points.js","statementMap":{"0":{"start":{"line":1,"column":13},"end":{"line":1,"column":34}},"1":{"start":{"line":2,"column":15},"end":{"line":2,"column":32}},"2":{"start":{"line":27,"column":21},"end":{"line":40,"column":2}},"3":{"start":{"line":27,"column":34},"end":{"line":40,"column":2}},"4":{"start":{"line":28,"column":2},"end":{"line":39,"column":36}},"5":{"start":{"line":36,"column":4},"end":{"line":36,"column":28}},"6":{"start":{"line":37,"column":4},"end":{"line":37,"column":25}},"7":{"start":{"line":39,"column":16},"end":{"line":39,"column":34}},"8":{"start":{"line":42,"column":19},"end":{"line":55,"column":2}},"9":{"start":{"line":42,"column":32},"end":{"line":55,"column":2}},"10":{"start":{"line":43,"column":2},"end":{"line":54,"column":36}},"11":{"start":{"line":51,"column":4},"end":{"line":51,"column":23}},"12":{"start":{"line":52,"column":4},"end":{"line":52,"column":22}},"13":{"start":{"line":54,"column":16},"end":{"line":54,"column":34}},"14":{"start":{"line":57,"column":23},"end":{"line":76,"column":2}},"15":{"start":{"line":57,"column":36},"end":{"line":76,"column":2}},"16":{"start":{"line":58,"column":2},"end":{"line":75,"column":36}},"17":{"start":{"line":64,"column":4},"end":{"line":64,"column":31}},"18":{"start":{"line":65,"column":4},"end":{"line":65,"column":31}},"19":{"start":{"line":66,"column":4},"end":{"line":66,"column":33}},"20":{"start":{"line":67,"column":4},"end":{"line":67,"column":32}},"21":{"start":{"line":68,"column":4},"end":{"line":68,"column":32}},"22":{"start":{"line":69,"column":4},"end":{"line":69,"column":32}},"23":{"start":{"line":70,"column":4},"end":{"line":70,"column":32}},"24":{"start":{"line":71,"column":4},"end":{"line":71,"column":36}},"25":{"start":{"line":72,"column":4},"end":{"line":72,"column":34}},"26":{"start":{"line":73,"column":4},"end":{"line":73,"column":19}},"27":{"start":{"line":75,"column":16},"end":{"line":75,"column":34}},"28":{"start":{"line":78,"column":25},"end":{"line":89,"column":1}},"29":{"start":{"line":79,"column":2},"end":{"line":87,"column":3}},"30":{"start":{"line":80,"column":4},"end":{"line":80,"column":16}},"31":{"start":{"line":81,"column":9},"end":{"line":87,"column":3}},"32":{"start":{"line":82,"column":4},"end":{"line":82,"column":16}},"33":{"start":{"line":83,"column":9},"end":{"line":87,"column":3}},"34":{"start":{"line":84,"column":4},"end":{"line":84,"column":16}},"35":{"start":{"line":85,"column":9},"end":{"line":87,"column":3}},"36":{"start":{"line":86,"column":4},"end":{"line":86,"column":16}},"37":{"start":{"line":88,"column":2},"end":{"line":88,"column":67}},"38":{"start":{"line":91,"column":22},"end":{"line":140,"column":1}},"39":{"start":{"line":92,"column":2},"end":{"line":92,"column":20}},"40":{"start":{"line":93,"column":2},"end":{"line":93,"column":17}},"41":{"start":{"line":94,"column":2},"end":{"line":94,"column":17}},"42":{"start":{"line":95,"column":2},"end":{"line":95,"column":17}},"43":{"start":{"line":96,"column":2},"end":{"line":96,"column":17}},"44":{"start":{"line":97,"column":2},"end":{"line":97,"column":18}},"45":{"start":{"line":98,"column":2},"end":{"line":98,"column":15}},"46":{"start":{"line":99,"column":2},"end":{"line":99,"column":15}},"47":{"start":{"line":100,"column":2},"end":{"line":100,"column":15}},"48":{"start":{"line":101,"column":2},"end":{"line":101,"column":15}},"49":{"start":{"line":102,"column":2},"end":{"line":120,"column":5}},"50":{"start":{"line":103,"column":4},"end":{"line":103,"column":45}},"51":{"start":{"line":104,"column":4},"end":{"line":119,"column":5}},"52":{"start":{"line":106,"column":8},"end":{"line":106,"column":46}},"53":{"start":{"line":107,"column":8},"end":{"line":107,"column":14}},"54":{"start":{"line":109,"column":8},"end":{"line":109,"column":46}},"55":{"start":{"line":110,"column":8},"end":{"line":110,"column":14}},"56":{"start":{"line":112,"column":8},"end":{"line":112,"column":46}},"57":{"start":{"line":113,"column":8},"end":{"line":113,"column":14}},"58":{"start":{"line":115,"column":8},"end":{"line":115,"column":46}},"59":{"start":{"line":116,"column":8},"end":{"line":116,"column":14}},"60":{"start":{"line":118,"column":8},"end":{"line":118,"column":85}},"61":{"start":{"line":121,"column":2},"end":{"line":139,"column":5}},"62":{"start":{"line":122,"column":4},"end":{"line":122,"column":39}},"63":{"start":{"line":123,"column":4},"end":{"line":138,"column":5}},"64":{"start":{"line":125,"column":8},"end":{"line":125,"column":40}},"65":{"start":{"line":126,"column":8},"end":{"line":126,"column":14}},"66":{"start":{"line":128,"column":8},"end":{"line":128,"column":40}},"67":{"start":{"line":129,"column":8},"end":{"line":129,"column":14}},"68":{"start":{"line":131,"column":8},"end":{"line":131,"column":40}},"69":{"start":{"line":132,"column":8},"end":{"line":132,"column":14}},"70":{"start":{"line":134,"column":8},"end":{"line":134,"column":40}},"71":{"start":{"line":135,"column":8},"end":{"line":135,"column":14}},"72":{"start":{"line":137,"column":8},"end":{"line":137,"column":85}},"73":{"start":{"line":142,"column":21},"end":{"line":161,"column":1}},"74":{"start":{"line":143,"column":17},"end":{"line":143,"column":19}},"75":{"start":{"line":144,"column":2},"end":{"line":144,"column":29}},"76":{"start":{"line":145,"column":2},"end":{"line":145,"column":33}},"77":{"start":{"line":146,"column":2},"end":{"line":146,"column":29}},"78":{"start":{"line":147,"column":2},"end":{"line":147,"column":29}},"79":{"start":{"line":148,"column":2},"end":{"line":148,"column":53}},"80":{"start":{"line":149,"column":2},"end":{"line":149,"column":67}},"81":{"start":{"line":149,"column":56},"end":{"line":149,"column":65}},"82":{"start":{"line":150,"column":2},"end":{"line":150,"column":63}},"83":{"start":{"line":150,"column":52},"end":{"line":150,"column":61}},"84":{"start":{"line":151,"column":2},"end":{"line":151,"column":61}},"85":{"start":{"line":151,"column":50},"end":{"line":151,"column":59}},"86":{"start":{"line":152,"column":2},"end":{"line":152,"column":57}},"87":{"start":{"line":152,"column":46},"end":{"line":152,"column":55}},"88":{"start":{"line":153,"column":2},"end":{"line":153,"column":61}},"89":{"start":{"line":153,"column":50},"end":{"line":153,"column":59}},"90":{"start":{"line":154,"column":2},"end":{"line":154,"column":57}},"91":{"start":{"line":154,"column":46},"end":{"line":154,"column":55}},"92":{"start":{"line":155,"column":2},"end":{"line":155,"column":61}},"93":{"start":{"line":155,"column":50},"end":{"line":155,"column":59}},"94":{"start":{"line":156,"column":2},"end":{"line":156,"column":57}},"95":{"start":{"line":156,"column":46},"end":{"line":156,"column":55}},"96":{"start":{"line":157,"column":2},"end":{"line":157,"column":61}},"97":{"start":{"line":157,"column":50},"end":{"line":157,"column":59}},"98":{"start":{"line":158,"column":2},"end":{"line":158,"column":57}},"99":{"start":{"line":158,"column":46},"end":{"line":158,"column":55}},"100":{"start":{"line":159,"column":2},"end":{"line":159,"column":62}},"101":{"start":{"line":160,"column":2},"end":{"line":160,"column":16}},"102":{"start":{"line":163,"column":0},"end":{"line":170,"column":2}}},"fnMap":{"0":{"name":"(anonymous_0)","decl":{"start":{"line":27,"column":21},"end":{"line":27,"column":22}},"loc":{"start":{"line":27,"column":34},"end":{"line":40,"column":2}},"line":27},"1":{"name":"(anonymous_1)","decl":{"start":{"line":27,"column":46},"end":{"line":27,"column":47}},"loc":{"start":{"line":27,"column":59},"end":{"line":40,"column":1}},"line":27},"2":{"name":"(anonymous_2)","decl":{"start":{"line":35,"column":8},"end":{"line":35,"column":9}},"loc":{"start":{"line":35,"column":25},"end":{"line":38,"column":3}},"line":35},"3":{"name":"(anonymous_3)","decl":{"start":{"line":39,"column":9},"end":{"line":39,"column":10}},"loc":{"start":{"line":39,"column":16},"end":{"line":39,"column":34}},"line":39},"4":{"name":"(anonymous_4)","decl":{"start":{"line":42,"column":19},"end":{"line":42,"column":20}},"loc":{"start":{"line":42,"column":32},"end":{"line":55,"column":2}},"line":42},"5":{"name":"(anonymous_5)","decl":{"start":{"line":42,"column":44},"end":{"line":42,"column":45}},"loc":{"start":{"line":42,"column":57},"end":{"line":55,"column":1}},"line":42},"6":{"name":"(anonymous_6)","decl":{"start":{"line":50,"column":8},"end":{"line":50,"column":9}},"loc":{"start":{"line":50,"column":22},"end":{"line":53,"column":3}},"line":50},"7":{"name":"(anonymous_7)","decl":{"start":{"line":54,"column":9},"end":{"line":54,"column":10}},"loc":{"start":{"line":54,"column":16},"end":{"line":54,"column":34}},"line":54},"8":{"name":"(anonymous_8)","decl":{"start":{"line":57,"column":23},"end":{"line":57,"column":24}},"loc":{"start":{"line":57,"column":36},"end":{"line":76,"column":2}},"line":57},"9":{"name":"(anonymous_9)","decl":{"start":{"line":57,"column":48},"end":{"line":57,"column":49}},"loc":{"start":{"line":57,"column":61},"end":{"line":76,"column":1}},"line":57},"10":{"name":"(anonymous_10)","decl":{"start":{"line":63,"column":8},"end":{"line":63,"column":9}},"loc":{"start":{"line":63,"column":19},"end":{"line":74,"column":3}},"line":63},"11":{"name":"(anonymous_11)","decl":{"start":{"line":75,"column":9},"end":{"line":75,"column":10}},"loc":{"start":{"line":75,"column":16},"end":{"line":75,"column":34}},"line":75},"12":{"name":"(anonymous_12)","decl":{"start":{"line":78,"column":25},"end":{"line":78,"column":26}},"loc":{"start":{"line":78,"column":35},"end":{"line":89,"column":1}},"line":78},"13":{"name":"(anonymous_13)","decl":{"start":{"line":91,"column":22},"end":{"line":91,"column":23}},"loc":{"start":{"line":91,"column":28},"end":{"line":140,"column":1}},"line":91},"14":{"name":"(anonymous_14)","decl":{"start":{"line":102,"column":20},"end":{"line":102,"column":21}},"loc":{"start":{"line":102,"column":36},"end":{"line":120,"column":3}},"line":102},"15":{"name":"(anonymous_15)","decl":{"start":{"line":121,"column":18},"end":{"line":121,"column":19}},"loc":{"start":{"line":121,"column":31},"end":{"line":139,"column":3}},"line":121},"16":{"name":"(anonymous_16)","decl":{"start":{"line":142,"column":21},"end":{"line":142,"column":22}},"loc":{"start":{"line":142,"column":27},"end":{"line":161,"column":1}},"line":142},"17":{"name":"(anonymous_17)","decl":{"start":{"line":149,"column":42},"end":{"line":149,"column":43}},"loc":{"start":{"line":149,"column":56},"end":{"line":149,"column":65}},"line":149},"18":{"name":"(anonymous_18)","decl":{"start":{"line":150,"column":38},"end":{"line":150,"column":39}},"loc":{"start":{"line":150,"column":52},"end":{"line":150,"column":61}},"line":150},"19":{"name":"(anonymous_19)","decl":{"start":{"line":151,"column":36},"end":{"line":151,"column":37}},"loc":{"start":{"line":151,"column":50},"end":{"line":151,"column":59}},"line":151},"20":{"name":"(anonymous_20)","decl":{"start":{"line":152,"column":32},"end":{"line":152,"column":33}},"loc":{"start":{"line":152,"column":46},"end":{"line":152,"column":55}},"line":152},"21":{"name":"(anonymous_21)","decl":{"start":{"line":153,"column":36},"end":{"line":153,"column":37}},"loc":{"start":{"line":153,"column":50},"end":{"line":153,"column":59}},"line":153},"22":{"name":"(anonymous_22)","decl":{"start":{"line":154,"column":32},"end":{"line":154,"column":33}},"loc":{"start":{"line":154,"column":46},"end":{"line":154,"column":55}},"line":154},"23":{"name":"(anonymous_23)","decl":{"start":{"line":155,"column":36},"end":{"line":155,"column":37}},"loc":{"start":{"line":155,"column":50},"end":{"line":155,"column":59}},"line":155},"24":{"name":"(anonymous_24)","decl":{"start":{"line":156,"column":32},"end":{"line":156,"column":33}},"loc":{"start":{"line":156,"column":46},"end":{"line":156,"column":55}},"line":156},"25":{"name":"(anonymous_25)","decl":{"start":{"line":157,"column":36},"end":{"line":157,"column":37}},"loc":{"start":{"line":157,"column":50},"end":{"line":157,"column":59}},"line":157},"26":{"name":"(anonymous_26)","decl":{"start":{"line":158,"column":32},"end":{"line":158,"column":33}},"loc":{"start":{"line":158,"column":46},"end":{"line":158,"column":55}},"line":158}},"branchMap":{"0":{"loc":{"start":{"line":79,"column":2},"end":{"line":87,"column":3}},"type":"if","locations":[{"start":{"line":79,"column":2},"end":{"line":87,"column":3}},{"start":{"line":79,"column":2},"end":{"line":87,"column":3}}],"line":79},"1":{"loc":{"start":{"line":79,"column":6},"end":{"line":79,"column":63}},"type":"binary-expr","locations":[{"start":{"line":79,"column":7},"end":{"line":79,"column":31}},{"start":{"line":79,"column":37},"end":{"line":79,"column":62}}],"line":79},"2":{"loc":{"start":{"line":81,"column":9},"end":{"line":87,"column":3}},"type":"if","locations":[{"start":{"line":81,"column":9},"end":{"line":87,"column":3}},{"start":{"line":81,"column":9},"end":{"line":87,"column":3}}],"line":81},"3":{"loc":{"start":{"line":81,"column":13},"end":{"line":81,"column":70}},"type":"binary-expr","locations":[{"start":{"line":81,"column":14},"end":{"line":81,"column":38}},{"start":{"line":81,"column":44},"end":{"line":81,"column":69}}],"line":81},"4":{"loc":{"start":{"line":83,"column":9},"end":{"line":87,"column":3}},"type":"if","locations":[{"start":{"line":83,"column":9},"end":{"line":87,"column":3}},{"start":{"line":83,"column":9},"end":{"line":87,"column":3}}],"line":83},"5":{"loc":{"start":{"line":83,"column":13},"end":{"line":83,"column":70}},"type":"binary-expr","locations":[{"start":{"line":83,"column":14},"end":{"line":83,"column":38}},{"start":{"line":83,"column":44},"end":{"line":83,"column":69}}],"line":83},"6":{"loc":{"start":{"line":85,"column":9},"end":{"line":87,"column":3}},"type":"if","locations":[{"start":{"line":85,"column":9},"end":{"line":87,"column":3}},{"start":{"line":85,"column":9},"end":{"line":87,"column":3}}],"line":85},"7":{"loc":{"start":{"line":85,"column":13},"end":{"line":85,"column":72}},"type":"binary-expr","locations":[{"start":{"line":85,"column":14},"end":{"line":85,"column":38}},{"start":{"line":85,"column":44},"end":{"line":85,"column":71}}],"line":85},"8":{"loc":{"start":{"line":104,"column":4},"end":{"line":119,"column":5}},"type":"switch","locations":[{"start":{"line":105,"column":6},"end":{"line":107,"column":14}},{"start":{"line":108,"column":6},"end":{"line":110,"column":14}},{"start":{"line":111,"column":6},"end":{"line":113,"column":14}},{"start":{"line":114,"column":6},"end":{"line":116,"column":14}},{"start":{"line":117,"column":6},"end":{"line":118,"column":85}}],"line":104},"9":{"loc":{"start":{"line":123,"column":4},"end":{"line":138,"column":5}},"type":"switch","locations":[{"start":{"line":124,"column":6},"end":{"line":126,"column":14}},{"start":{"line":127,"column":6},"end":{"line":129,"column":14}},{"start":{"line":130,"column":6},"end":{"line":132,"column":14}},{"start":{"line":133,"column":6},"end":{"line":135,"column":14}},{"start":{"line":136,"column":6},"end":{"line":137,"column":85}}],"line":123}},"s":{"0":1,"1":1,"2":1,"3":0,"4":0,"5":0,"6":0,"7":0,"8":1,"9":0,"10":0,"11":0,"12":0,"13":0,"14":1,"15":0,"16":0,"17":0,"18":0,"19":0,"20":0,"21":0,"22":0,"23":0,"24":0,"25":0,"26":0,"27":0,"28":1,"29":0,"30":0,"31":0,"32":0,"33":0,"34":0,"35":0,"36":0,"37":0,"38":1,"39":0,"40":0,"41":0,"42":0,"43":0,"44":0,"45":0,"46":0,"47":0,"48":0,"49":0,"50":0,"51":0,"52":0,"53":0,"54":0,"55":0,"56":0,"57":0,"58":0,"59":0,"60":0,"61":0,"62":0,"63":0,"64":0,"65":0,"66":0,"67":0,"68":0,"69":0,"70":0,"71":0,"72":0,"73":1,"74":0,"75":0,"76":0,"77":0,"78":0,"79":0,"80":0,"81":0,"82":0,"83":0,"84":0,"85":0,"86":0,"87":0,"88":0,"89":0,"90":0,"91":0,"92":0,"93":0,"94":0,"95":0,"96":0,"97":0,"98":0,"99":0,"100":0,"101":0,"102":1},"f":{"0":0,"1":0,"2":0,"3":0,"4":0,"5":0,"6":0,"7":0,"8":0,"9":0,"10":0,"11":0,"12":0,"13":0,"14":0,"15":0,"16":0,"17":0,"18":0,"19":0,"20":0,"21":0,"22":0,"23":0,"24":0,"25":0,"26":0},"b":{"0":[0,0],"1":[0,0],"2":[0,0],"3":[0,0],"4":[0,0],"5":[0,0],"6":[0,0],"7":[0,0],"8":[0,0,0,0,0],"9":[0,0,0,0,0]},"_coverageSchema":"332fd63041d2c1bcb487cc26dd0d5f7d97098a6c","hash":"dc04a6514678112c6f8739a80357a53b4f91e449"},"/Users/danielgardner/Galvanize/WDI/Mod3/level-up/lvlup-backend/middleware/authorize.js":{"path":"/Users/danielgardner/Galvanize/WDI/Mod3/level-up/lvlup-backend/middleware/authorize.js","statementMap":{"0":{"start":{"line":1,"column":16},"end":{"line":1,"column":44}},"1":{"start":{"line":3,"column":16},"end":{"line":10,"column":1}},"2":{"start":{"line":4,"column":2},"end":{"line":9,"column":3}},"3":{"start":{"line":5,"column":4},"end":{"line":5,"column":11}},"4":{"start":{"line":7,"column":4},"end":{"line":7,"column":42}},"5":{"start":{"line":8,"column":4},"end":{"line":8,"column":61}},"6":{"start":{"line":12,"column":15},"end":{"line":19,"column":1}},"7":{"start":{"line":13,"column":2},"end":{"line":18,"column":3}},"8":{"start":{"line":14,"column":4},"end":{"line":14,"column":11}},"9":{"start":{"line":16,"column":4},"end":{"line":16,"column":42}},"10":{"start":{"line":17,"column":4},"end":{"line":17,"column":54}},"11":{"start":{"line":21,"column":21},"end":{"line":37,"column":1}},"12":{"start":{"line":22,"column":2},"end":{"line":36,"column":3}},"13":{"start":{"line":23,"column":4},"end":{"line":23,"column":11}},"14":{"start":{"line":25,"column":4},"end":{"line":35,"column":7}},"15":{"start":{"line":28,"column":6},"end":{"line":28,"column":27}},"16":{"start":{"line":29,"column":6},"end":{"line":34,"column":7}},"17":{"start":{"line":30,"column":8},"end":{"line":30,"column":15}},"18":{"start":{"line":32,"column":8},"end":{"line":32,"column":46}},"19":{"start":{"line":33,"column":8},"end":{"line":33,"column":49}},"20":{"start":{"line":39,"column":0},"end":{"line":43,"column":2}}},"fnMap":{"0":{"name":"(anonymous_0)","decl":{"start":{"line":3,"column":16},"end":{"line":3,"column":17}},"loc":{"start":{"line":3,"column":36},"end":{"line":10,"column":1}},"line":3},"1":{"name":"(anonymous_1)","decl":{"start":{"line":12,"column":15},"end":{"line":12,"column":16}},"loc":{"start":{"line":12,"column":35},"end":{"line":19,"column":1}},"line":12},"2":{"name":"(anonymous_2)","decl":{"start":{"line":21,"column":21},"end":{"line":21,"column":22}},"loc":{"start":{"line":21,"column":41},"end":{"line":37,"column":1}},"line":21},"3":{"name":"(anonymous_3)","decl":{"start":{"line":27,"column":10},"end":{"line":27,"column":11}},"loc":{"start":{"line":27,"column":23},"end":{"line":35,"column":5}},"line":27}},"branchMap":{"0":{"loc":{"start":{"line":4,"column":2},"end":{"line":9,"column":3}},"type":"if","locations":[{"start":{"line":4,"column":2},"end":{"line":9,"column":3}},{"start":{"line":4,"column":2},"end":{"line":9,"column":3}}],"line":4},"1":{"loc":{"start":{"line":13,"column":2},"end":{"line":18,"column":3}},"type":"if","locations":[{"start":{"line":13,"column":2},"end":{"line":18,"column":3}},{"start":{"line":13,"column":2},"end":{"line":18,"column":3}}],"line":13},"2":{"loc":{"start":{"line":13,"column":6},"end":{"line":13,"column":51}},"type":"binary-expr","locations":[{"start":{"line":13,"column":6},"end":{"line":13,"column":26}},{"start":{"line":13,"column":30},"end":{"line":13,"column":51}}],"line":13},"3":{"loc":{"start":{"line":22,"column":2},"end":{"line":36,"column":3}},"type":"if","locations":[{"start":{"line":22,"column":2},"end":{"line":36,"column":3}},{"start":{"line":22,"column":2},"end":{"line":36,"column":3}}],"line":22},"4":{"loc":{"start":{"line":29,"column":6},"end":{"line":34,"column":7}},"type":"if","locations":[{"start":{"line":29,"column":6},"end":{"line":34,"column":7}},{"start":{"line":29,"column":6},"end":{"line":34,"column":7}}],"line":29}},"s":{"0":1,"1":1,"2":25,"3":24,"4":1,"5":1,"6":1,"7":62,"8":41,"9":21,"10":21,"11":1,"12":2,"13":2,"14":0,"15":0,"16":0,"17":0,"18":0,"19":0,"20":1},"f":{"0":25,"1":62,"2":2,"3":0},"b":{"0":[24,1],"1":[41,21],"2":[62,62],"3":[2,0],"4":[0,0]},"_coverageSchema":"332fd63041d2c1bcb487cc26dd0d5f7d97098a6c","hash":"448fad1a88b3e435e60a6dfcaf2768e130ec0919"},"/Users/danielgardner/Galvanize/WDI/Mod3/level-up/lvlup-backend/routes/login.js":{"path":"/Users/danielgardner/Galvanize/WDI/Mod3/level-up/lvlup-backend/routes/login.js","statementMap":{"0":{"start":{"line":1,"column":16},"end":{"line":1,"column":34}},"1":{"start":{"line":2,"column":12},"end":{"line":2,"column":21}},"2":{"start":{"line":3,"column":15},"end":{"line":3,"column":31}},"3":{"start":{"line":4,"column":17},"end":{"line":4,"column":36}},"4":{"start":{"line":5,"column":23},"end":{"line":5,"column":59}},"5":{"start":{"line":6,"column":17},"end":{"line":6,"column":51}},"6":{"start":{"line":7,"column":16},"end":{"line":7,"column":44}},"7":{"start":{"line":8,"column":12},"end":{"line":8,"column":35}},"8":{"start":{"line":9,"column":21},"end":{"line":9,"column":45}},"9":{"start":{"line":10,"column":16},"end":{"line":10,"column":42}},"10":{"start":{"line":11,"column":15},"end":{"line":11,"column":44}},"11":{"start":{"line":12,"column":14},"end":{"line":12,"column":40}},"12":{"start":{"line":13,"column":20},"end":{"line":13,"column":53}},"13":{"start":{"line":14,"column":13},"end":{"line":14,"column":28}},"14":{"start":{"line":16,"column":0},"end":{"line":18,"column":1}},"15":{"start":{"line":17,"column":2},"end":{"line":17,"column":29}},"16":{"start":{"line":20,"column":0},"end":{"line":21,"column":67}},"17":{"start":{"line":23,"column":0},"end":{"line":28,"column":5}},"18":{"start":{"line":26,"column":4},"end":{"line":26,"column":29}},"19":{"start":{"line":27,"column":4},"end":{"line":27,"column":39}},"20":{"start":{"line":30,"column":0},"end":{"line":66,"column":5}},"21":{"start":{"line":32,"column":4},"end":{"line":49,"column":7}},"22":{"start":{"line":35,"column":6},"end":{"line":48,"column":7}},"23":{"start":{"line":36,"column":8},"end":{"line":45,"column":11}},"24":{"start":{"line":44,"column":10},"end":{"line":44,"column":27}},"25":{"start":{"line":47,"column":8},"end":{"line":47,"column":26}},"26":{"start":{"line":52,"column":4},"end":{"line":52,"column":36}},"27":{"start":{"line":53,"column":4},"end":{"line":65,"column":53}},"28":{"start":{"line":55,"column":21},"end":{"line":63,"column":6}},"29":{"start":{"line":64,"column":28},"end":{"line":64,"column":52}},"30":{"start":{"line":65,"column":18},"end":{"line":65,"column":51}},"31":{"start":{"line":68,"column":0},"end":{"line":92,"column":5}},"32":{"start":{"line":70,"column":4},"end":{"line":91,"column":9}},"33":{"start":{"line":73,"column":8},"end":{"line":90,"column":9}},"34":{"start":{"line":74,"column":10},"end":{"line":74,"column":63}},"35":{"start":{"line":76,"column":10},"end":{"line":89,"column":13}},"36":{"start":{"line":77,"column":22},"end":{"line":86,"column":14}},"37":{"start":{"line":80,"column":27},"end":{"line":80,"column":47}},"38":{"start":{"line":81,"column":28},"end":{"line":83,"column":16}},"39":{"start":{"line":84,"column":14},"end":{"line":84,"column":45}},"40":{"start":{"line":85,"column":14},"end":{"line":85,"column":30}},"41":{"start":{"line":88,"column":12},"end":{"line":88,"column":65}},"42":{"start":{"line":94,"column":0},"end":{"line":139,"column":5}},"43":{"start":{"line":96,"column":4},"end":{"line":138,"column":7}},"44":{"start":{"line":99,"column":6},"end":{"line":137,"column":7}},"45":{"start":{"line":100,"column":8},"end":{"line":134,"column":11}},"46":{"start":{"line":102,"column":10},"end":{"line":133,"column":13}},"47":{"start":{"line":111,"column":31},"end":{"line":111,"column":47}},"48":{"start":{"line":112,"column":31},"end":{"line":112,"column":33}},"49":{"start":{"line":113,"column":12},"end":{"line":118,"column":13}},"50":{"start":{"line":114,"column":14},"end":{"line":117,"column":25}},"51":{"start":{"line":119,"column":12},"end":{"line":119,"column":36}},"52":{"start":{"line":122,"column":12},"end":{"line":122,"column":31}},"53":{"start":{"line":125,"column":12},"end":{"line":132,"column":15}},"54":{"start":{"line":128,"column":14},"end":{"line":128,"column":36}},"55":{"start":{"line":131,"column":14},"end":{"line":131,"column":33}},"56":{"start":{"line":136,"column":8},"end":{"line":136,"column":53}},"57":{"start":{"line":140,"column":0},"end":{"line":140,"column":24}}},"fnMap":{"0":{"name":"(anonymous_0)","decl":{"start":{"line":25,"column":2},"end":{"line":25,"column":3}},"loc":{"start":{"line":25,"column":16},"end":{"line":28,"column":3}},"line":25},"1":{"name":"(anonymous_1)","decl":{"start":{"line":31,"column":7},"end":{"line":31,"column":8}},"loc":{"start":{"line":31,"column":21},"end":{"line":50,"column":3}},"line":31},"2":{"name":"(anonymous_2)","decl":{"start":{"line":34,"column":10},"end":{"line":34,"column":11}},"loc":{"start":{"line":34,"column":23},"end":{"line":49,"column":5}},"line":34},"3":{"name":"(anonymous_3)","decl":{"start":{"line":43,"column":14},"end":{"line":43,"column":15}},"loc":{"start":{"line":43,"column":26},"end":{"line":45,"column":9}},"line":43},"4":{"name":"(anonymous_4)","decl":{"start":{"line":51,"column":7},"end":{"line":51,"column":8}},"loc":{"start":{"line":51,"column":21},"end":{"line":66,"column":3}},"line":51},"5":{"name":"(anonymous_5)","decl":{"start":{"line":55,"column":10},"end":{"line":55,"column":11}},"loc":{"start":{"line":55,"column":21},"end":{"line":63,"column":6}},"line":55},"6":{"name":"(anonymous_6)","decl":{"start":{"line":64,"column":10},"end":{"line":64,"column":11}},"loc":{"start":{"line":64,"column":28},"end":{"line":64,"column":52}},"line":64},"7":{"name":"(anonymous_7)","decl":{"start":{"line":65,"column":11},"end":{"line":65,"column":12}},"loc":{"start":{"line":65,"column":18},"end":{"line":65,"column":51}},"line":65},"8":{"name":"(anonymous_8)","decl":{"start":{"line":69,"column":8},"end":{"line":69,"column":9}},"loc":{"start":{"line":69,"column":22},"end":{"line":92,"column":3}},"line":69},"9":{"name":"(anonymous_9)","decl":{"start":{"line":72,"column":12},"end":{"line":72,"column":13}},"loc":{"start":{"line":72,"column":31},"end":{"line":91,"column":7}},"line":72},"10":{"name":"(anonymous_10)","decl":{"start":{"line":77,"column":16},"end":{"line":77,"column":17}},"loc":{"start":{"line":77,"column":22},"end":{"line":86,"column":14}},"line":77},"11":{"name":"(anonymous_11)","decl":{"start":{"line":79,"column":18},"end":{"line":79,"column":19}},"loc":{"start":{"line":79,"column":29},"end":{"line":86,"column":13}},"line":79},"12":{"name":"(anonymous_12)","decl":{"start":{"line":87,"column":17},"end":{"line":87,"column":18}},"loc":{"start":{"line":87,"column":26},"end":{"line":89,"column":11}},"line":87},"13":{"name":"(anonymous_13)","decl":{"start":{"line":95,"column":8},"end":{"line":95,"column":9}},"loc":{"start":{"line":95,"column":22},"end":{"line":139,"column":3}},"line":95},"14":{"name":"(anonymous_14)","decl":{"start":{"line":98,"column":10},"end":{"line":98,"column":11}},"loc":{"start":{"line":98,"column":45},"end":{"line":138,"column":5}},"line":98},"15":{"name":"(anonymous_15)","decl":{"start":{"line":101,"column":14},"end":{"line":101,"column":15}},"loc":{"start":{"line":101,"column":26},"end":{"line":134,"column":9}},"line":101},"16":{"name":"(anonymous_16)","decl":{"start":{"line":110,"column":16},"end":{"line":110,"column":17}},"loc":{"start":{"line":110,"column":30},"end":{"line":120,"column":11}},"line":110},"17":{"name":"(anonymous_17)","decl":{"start":{"line":121,"column":17},"end":{"line":121,"column":18}},"loc":{"start":{"line":121,"column":26},"end":{"line":123,"column":11}},"line":121},"18":{"name":"(anonymous_18)","decl":{"start":{"line":124,"column":16},"end":{"line":124,"column":17}},"loc":{"start":{"line":124,"column":22},"end":{"line":133,"column":11}},"line":124},"19":{"name":"(anonymous_19)","decl":{"start":{"line":127,"column":18},"end":{"line":127,"column":19}},"loc":{"start":{"line":127,"column":35},"end":{"line":129,"column":13}},"line":127},"20":{"name":"(anonymous_20)","decl":{"start":{"line":130,"column":19},"end":{"line":130,"column":20}},"loc":{"start":{"line":130,"column":28},"end":{"line":132,"column":13}},"line":130}},"branchMap":{"0":{"loc":{"start":{"line":16,"column":0},"end":{"line":18,"column":1}},"type":"if","locations":[{"start":{"line":16,"column":0},"end":{"line":18,"column":1}},{"start":{"line":16,"column":0},"end":{"line":18,"column":1}}],"line":16},"1":{"loc":{"start":{"line":35,"column":6},"end":{"line":48,"column":7}},"type":"if","locations":[{"start":{"line":35,"column":6},"end":{"line":48,"column":7}},{"start":{"line":35,"column":6},"end":{"line":48,"column":7}}],"line":35},"2":{"loc":{"start":{"line":73,"column":8},"end":{"line":90,"column":9}},"type":"if","locations":[{"start":{"line":73,"column":8},"end":{"line":90,"column":9}},{"start":{"line":73,"column":8},"end":{"line":90,"column":9}}],"line":73},"3":{"loc":{"start":{"line":99,"column":6},"end":{"line":137,"column":7}},"type":"if","locations":[{"start":{"line":99,"column":6},"end":{"line":137,"column":7}},{"start":{"line":99,"column":6},"end":{"line":137,"column":7}}],"line":99}},"s":{"0":1,"1":1,"2":1,"3":1,"4":1,"5":1,"6":1,"7":1,"8":1,"9":1,"10":1,"11":1,"12":1,"13":1,"14":1,"15":1,"16":1,"17":1,"18":0,"19":0,"20":1,"21":0,"22":0,"23":0,"24":0,"25":0,"26":0,"27":0,"28":0,"29":0,"30":0,"31":1,"32":4,"33":4,"34":2,"35":2,"36":1,"37":1,"38":1,"39":1,"40":1,"41":1,"42":1,"43":2,"44":2,"45":1,"46":1,"47":1,"48":1,"49":1,"50":2,"51":1,"52":0,"53":1,"54":1,"55":0,"56":1,"57":1},"f":{"0":0,"1":0,"2":0,"3":0,"4":0,"5":0,"6":0,"7":0,"8":4,"9":4,"10":1,"11":1,"12":1,"13":2,"14":2,"15":1,"16":1,"17":0,"18":1,"19":1,"20":0},"b":{"0":[1,0],"1":[0,0],"2":[2,2],"3":[1,1]},"_coverageSchema":"332fd63041d2c1bcb487cc26dd0d5f7d97098a6c","hash":"9d3c6c876e26e4a48cbd6fcd1e226b697ee1d7cf"},"/Users/danielgardner/Galvanize/WDI/Mod3/level-up/lvlup-backend/routes/campuses.js":{"path":"/Users/danielgardner/Galvanize/WDI/Mod3/level-up/lvlup-backend/routes/campuses.js","statementMap":{"0":{"start":{"line":1,"column":16},"end":{"line":1,"column":34}},"1":{"start":{"line":2,"column":17},"end":{"line":2,"column":51}},"2":{"start":{"line":3,"column":15},"end":{"line":3,"column":42}},"3":{"start":{"line":4,"column":18},"end":{"line":4,"column":52}},"4":{"start":{"line":6,"column":15},"end":{"line":6,"column":31}},"5":{"start":{"line":8,"column":0},"end":{"line":23,"column":5}},"6":{"start":{"line":10,"column":4},"end":{"line":13,"column":53}},"7":{"start":{"line":12,"column":22},"end":{"line":12,"column":52}},"8":{"start":{"line":13,"column":18},"end":{"line":13,"column":51}},"9":{"start":{"line":17,"column":4},"end":{"line":22,"column":53}},"10":{"start":{"line":21,"column":22},"end":{"line":21,"column":52}},"11":{"start":{"line":22,"column":18},"end":{"line":22,"column":51}},"12":{"start":{"line":25,"column":0},"end":{"line":32,"column":5}},"13":{"start":{"line":27,"column":4},"end":{"line":31,"column":53}},"14":{"start":{"line":29,"column":20},"end":{"line":29,"column":36}},"15":{"start":{"line":30,"column":16},"end":{"line":30,"column":68}},"16":{"start":{"line":31,"column":18},"end":{"line":31,"column":51}},"17":{"start":{"line":34,"column":0},"end":{"line":34,"column":24}}},"fnMap":{"0":{"name":"(anonymous_0)","decl":{"start":{"line":9,"column":7},"end":{"line":9,"column":8}},"loc":{"start":{"line":9,"column":21},"end":{"line":14,"column":3}},"line":9},"1":{"name":"(anonymous_1)","decl":{"start":{"line":12,"column":10},"end":{"line":12,"column":11}},"loc":{"start":{"line":12,"column":22},"end":{"line":12,"column":52}},"line":12},"2":{"name":"(anonymous_2)","decl":{"start":{"line":13,"column":11},"end":{"line":13,"column":12}},"loc":{"start":{"line":13,"column":18},"end":{"line":13,"column":51}},"line":13},"3":{"name":"(anonymous_3)","decl":{"start":{"line":16,"column":8},"end":{"line":16,"column":9}},"loc":{"start":{"line":16,"column":22},"end":{"line":23,"column":3}},"line":16},"4":{"name":"(anonymous_4)","decl":{"start":{"line":21,"column":10},"end":{"line":21,"column":11}},"loc":{"start":{"line":21,"column":22},"end":{"line":21,"column":52}},"line":21},"5":{"name":"(anonymous_5)","decl":{"start":{"line":22,"column":11},"end":{"line":22,"column":12}},"loc":{"start":{"line":22,"column":18},"end":{"line":22,"column":51}},"line":22},"6":{"name":"(anonymous_6)","decl":{"start":{"line":26,"column":29},"end":{"line":26,"column":30}},"loc":{"start":{"line":26,"column":43},"end":{"line":32,"column":3}},"line":26},"7":{"name":"(anonymous_7)","decl":{"start":{"line":29,"column":10},"end":{"line":29,"column":11}},"loc":{"start":{"line":29,"column":20},"end":{"line":29,"column":36}},"line":29},"8":{"name":"(anonymous_8)","decl":{"start":{"line":30,"column":10},"end":{"line":30,"column":11}},"loc":{"start":{"line":30,"column":16},"end":{"line":30,"column":68}},"line":30},"9":{"name":"(anonymous_9)","decl":{"start":{"line":31,"column":11},"end":{"line":31,"column":12}},"loc":{"start":{"line":31,"column":18},"end":{"line":31,"column":51}},"line":31}},"branchMap":{},"s":{"0":1,"1":1,"2":1,"3":1,"4":1,"5":1,"6":1,"7":1,"8":0,"9":1,"10":1,"11":0,"12":1,"13":2,"14":1,"15":1,"16":1,"17":1},"f":{"0":1,"1":1,"2":0,"3":1,"4":1,"5":0,"6":2,"7":1,"8":1,"9":1},"b":{},"_coverageSchema":"332fd63041d2c1bcb487cc26dd0d5f7d97098a6c","hash":"e9f37d457de8acad481655d6255310f761830f12"},"/Users/danielgardner/Galvanize/WDI/Mod3/level-up/lvlup-backend/collections/campuses.js":{"path":"/Users/danielgardner/Galvanize/WDI/Mod3/level-up/lvlup-backend/collections/campuses.js","statementMap":{"0":{"start":{"line":1,"column":18},"end":{"line":1,"column":41}},"1":{"start":{"line":2,"column":22},"end":{"line":2,"column":48}},"2":{"start":{"line":3,"column":15},"end":{"line":3,"column":42}},"3":{"start":{"line":5,"column":17},"end":{"line":7,"column":2}},"4":{"start":{"line":9,"column":0},"end":{"line":9,"column":60}}},"fnMap":{},"branchMap":{},"s":{"0":1,"1":1,"2":1,"3":1,"4":1},"f":{},"b":{},"_coverageSchema":"332fd63041d2c1bcb487cc26dd0d5f7d97098a6c","hash":"7f8f47b4acbc0f7945c95554367d72f75adc8e6d"},"/Users/danielgardner/Galvanize/WDI/Mod3/level-up/lvlup-backend/routes/challenges.js":{"path":"/Users/danielgardner/Galvanize/WDI/Mod3/level-up/lvlup-backend/routes/challenges.js","statementMap":{"0":{"start":{"line":1,"column":16},"end":{"line":1,"column":34}},"1":{"start":{"line":2,"column":19},"end":{"line":2,"column":55}},"2":{"start":{"line":3,"column":18},"end":{"line":3,"column":48}},"3":{"start":{"line":4,"column":15},"end":{"line":4,"column":42}},"4":{"start":{"line":5,"column":18},"end":{"line":5,"column":52}},"5":{"start":{"line":7,"column":15},"end":{"line":7,"column":31}},"6":{"start":{"line":9,"column":0},"end":{"line":17,"column":5}},"7":{"start":{"line":11,"column":4},"end":{"line":16,"column":53}},"8":{"start":{"line":14,"column":6},"end":{"line":14,"column":39}},"9":{"start":{"line":16,"column":18},"end":{"line":16,"column":51}},"10":{"start":{"line":20,"column":0},"end":{"line":37,"column":5}},"11":{"start":{"line":22,"column":4},"end":{"line":36,"column":53}},"12":{"start":{"line":35,"column":23},"end":{"line":35,"column":54}},"13":{"start":{"line":36,"column":18},"end":{"line":36,"column":51}},"14":{"start":{"line":39,"column":0},"end":{"line":72,"column":5}},"15":{"start":{"line":41,"column":4},"end":{"line":44,"column":53}},"16":{"start":{"line":43,"column":23},"end":{"line":43,"column":54}},"17":{"start":{"line":44,"column":18},"end":{"line":44,"column":51}},"18":{"start":{"line":48,"column":4},"end":{"line":52,"column":53}},"19":{"start":{"line":50,"column":23},"end":{"line":50,"column":42}},"20":{"start":{"line":51,"column":16},"end":{"line":51,"column":83}},"21":{"start":{"line":52,"column":18},"end":{"line":52,"column":51}},"22":{"start":{"line":56,"column":4},"end":{"line":71,"column":53}},"23":{"start":{"line":58,"column":23},"end":{"line":69,"column":6}},"24":{"start":{"line":70,"column":23},"end":{"line":70,"column":54}},"25":{"start":{"line":71,"column":18},"end":{"line":71,"column":51}},"26":{"start":{"line":75,"column":0},"end":{"line":75,"column":24}}},"fnMap":{"0":{"name":"(anonymous_0)","decl":{"start":{"line":10,"column":7},"end":{"line":10,"column":8}},"loc":{"start":{"line":10,"column":21},"end":{"line":17,"column":3}},"line":10},"1":{"name":"(anonymous_1)","decl":{"start":{"line":13,"column":10},"end":{"line":13,"column":11}},"loc":{"start":{"line":13,"column":26},"end":{"line":15,"column":5}},"line":13},"2":{"name":"(anonymous_2)","decl":{"start":{"line":16,"column":11},"end":{"line":16,"column":12}},"loc":{"start":{"line":16,"column":18},"end":{"line":16,"column":51}},"line":16},"3":{"name":"(anonymous_3)","decl":{"start":{"line":21,"column":27},"end":{"line":21,"column":28}},"loc":{"start":{"line":21,"column":41},"end":{"line":37,"column":3}},"line":21},"4":{"name":"(anonymous_4)","decl":{"start":{"line":35,"column":10},"end":{"line":35,"column":11}},"loc":{"start":{"line":35,"column":23},"end":{"line":35,"column":54}},"line":35},"5":{"name":"(anonymous_5)","decl":{"start":{"line":36,"column":11},"end":{"line":36,"column":12}},"loc":{"start":{"line":36,"column":18},"end":{"line":36,"column":51}},"line":36},"6":{"name":"(anonymous_6)","decl":{"start":{"line":40,"column":7},"end":{"line":40,"column":8}},"loc":{"start":{"line":40,"column":21},"end":{"line":45,"column":3}},"line":40},"7":{"name":"(anonymous_7)","decl":{"start":{"line":43,"column":10},"end":{"line":43,"column":11}},"loc":{"start":{"line":43,"column":23},"end":{"line":43,"column":54}},"line":43},"8":{"name":"(anonymous_8)","decl":{"start":{"line":44,"column":11},"end":{"line":44,"column":12}},"loc":{"start":{"line":44,"column":18},"end":{"line":44,"column":51}},"line":44},"9":{"name":"(anonymous_9)","decl":{"start":{"line":47,"column":29},"end":{"line":47,"column":30}},"loc":{"start":{"line":47,"column":43},"end":{"line":53,"column":3}},"line":47},"10":{"name":"(anonymous_10)","decl":{"start":{"line":50,"column":10},"end":{"line":50,"column":11}},"loc":{"start":{"line":50,"column":23},"end":{"line":50,"column":42}},"line":50},"11":{"name":"(anonymous_11)","decl":{"start":{"line":51,"column":10},"end":{"line":51,"column":11}},"loc":{"start":{"line":51,"column":16},"end":{"line":51,"column":83}},"line":51},"12":{"name":"(anonymous_12)","decl":{"start":{"line":52,"column":11},"end":{"line":52,"column":12}},"loc":{"start":{"line":52,"column":18},"end":{"line":52,"column":51}},"line":52},"13":{"name":"(anonymous_13)","decl":{"start":{"line":55,"column":26},"end":{"line":55,"column":27}},"loc":{"start":{"line":55,"column":40},"end":{"line":72,"column":3}},"line":55},"14":{"name":"(anonymous_14)","decl":{"start":{"line":58,"column":10},"end":{"line":58,"column":11}},"loc":{"start":{"line":58,"column":23},"end":{"line":69,"column":6}},"line":58},"15":{"name":"(anonymous_15)","decl":{"start":{"line":70,"column":10},"end":{"line":70,"column":11}},"loc":{"start":{"line":70,"column":23},"end":{"line":70,"column":54}},"line":70},"16":{"name":"(anonymous_16)","decl":{"start":{"line":71,"column":11},"end":{"line":71,"column":12}},"loc":{"start":{"line":71,"column":18},"end":{"line":71,"column":51}},"line":71}},"branchMap":{"0":{"loc":{"start":{"line":59,"column":12},"end":{"line":59,"column":50}},"type":"binary-expr","locations":[{"start":{"line":59,"column":12},"end":{"line":59,"column":25}},{"start":{"line":59,"column":29},"end":{"line":59,"column":50}}],"line":59},"1":{"loc":{"start":{"line":60,"column":19},"end":{"line":60,"column":71}},"type":"binary-expr","locations":[{"start":{"line":60,"column":19},"end":{"line":60,"column":39}},{"start":{"line":60,"column":43},"end":{"line":60,"column":71}}],"line":60},"2":{"loc":{"start":{"line":61,"column":19},"end":{"line":61,"column":71}},"type":"binary-expr","locations":[{"start":{"line":61,"column":19},"end":{"line":61,"column":39}},{"start":{"line":61,"column":43},"end":{"line":61,"column":71}}],"line":61},"3":{"loc":{"start":{"line":62,"column":17},"end":{"line":62,"column":65}},"type":"binary-expr","locations":[{"start":{"line":62,"column":17},"end":{"line":62,"column":35}},{"start":{"line":62,"column":39},"end":{"line":62,"column":65}}],"line":62},"4":{"loc":{"start":{"line":63,"column":19},"end":{"line":63,"column":71}},"type":"binary-expr","locations":[{"start":{"line":63,"column":19},"end":{"line":63,"column":39}},{"start":{"line":63,"column":43},"end":{"line":63,"column":71}}],"line":63},"5":{"loc":{"start":{"line":64,"column":22},"end":{"line":64,"column":80}},"type":"binary-expr","locations":[{"start":{"line":64,"column":22},"end":{"line":64,"column":45}},{"start":{"line":64,"column":49},"end":{"line":64,"column":80}}],"line":64},"6":{"loc":{"start":{"line":65,"column":22},"end":{"line":65,"column":80}},"type":"binary-expr","locations":[{"start":{"line":65,"column":22},"end":{"line":65,"column":45}},{"start":{"line":65,"column":49},"end":{"line":65,"column":80}}],"line":65},"7":{"loc":{"start":{"line":66,"column":22},"end":{"line":66,"column":80}},"type":"binary-expr","locations":[{"start":{"line":66,"column":22},"end":{"line":66,"column":45}},{"start":{"line":66,"column":49},"end":{"line":66,"column":80}}],"line":66},"8":{"loc":{"start":{"line":67,"column":22},"end":{"line":67,"column":80}},"type":"binary-expr","locations":[{"start":{"line":67,"column":22},"end":{"line":67,"column":45}},{"start":{"line":67,"column":49},"end":{"line":67,"column":80}}],"line":67},"9":{"loc":{"start":{"line":68,"column":22},"end":{"line":68,"column":80}},"type":"binary-expr","locations":[{"start":{"line":68,"column":22},"end":{"line":68,"column":45}},{"start":{"line":68,"column":49},"end":{"line":68,"column":80}}],"line":68}},"s":{"0":1,"1":1,"2":1,"3":1,"4":1,"5":1,"6":1,"7":2,"8":2,"9":0,"10":1,"11":2,"12":2,"13":0,"14":1,"15":2,"16":2,"17":0,"18":2,"19":2,"20":1,"21":1,"22":2,"23":2,"24":2,"25":0,"26":1},"f":{"0":2,"1":2,"2":0,"3":2,"4":2,"5":0,"6":2,"7":2,"8":0,"9":2,"10":2,"11":1,"12":1,"13":2,"14":2,"15":2,"16":0},"b":{"0":[2,0],"1":[2,0],"2":[2,0],"3":[2,0],"4":[2,0],"5":[2,0],"6":[2,0],"7":[2,1],"8":[2,1],"9":[2,2]},"_coverageSchema":"332fd63041d2c1bcb487cc26dd0d5f7d97098a6c","hash":"37eb209e16aef0465e87f69bccc6c53c663631d2"},"/Users/danielgardner/Galvanize/WDI/Mod3/level-up/lvlup-backend/collections/challenges.js":{"path":"/Users/danielgardner/Galvanize/WDI/Mod3/level-up/lvlup-backend/collections/challenges.js","statementMap":{"0":{"start":{"line":1,"column":18},"end":{"line":1,"column":41}},"1":{"start":{"line":2,"column":22},"end":{"line":2,"column":48}},"2":{"start":{"line":3,"column":18},"end":{"line":3,"column":48}},"3":{"start":{"line":5,"column":19},"end":{"line":7,"column":2}},"4":{"start":{"line":9,"column":0},"end":{"line":9,"column":64}}},"fnMap":{},"branchMap":{},"s":{"0":1,"1":1,"2":1,"3":1,"4":1},"f":{},"b":{},"_coverageSchema":"332fd63041d2c1bcb487cc26dd0d5f7d97098a6c","hash":"53c3b59daeefab79d910f7ba0c19be0fb7a829d7"},"/Users/danielgardner/Galvanize/WDI/Mod3/level-up/lvlup-backend/routes/submissions.js":{"path":"/Users/danielgardner/Galvanize/WDI/Mod3/level-up/lvlup-backend/routes/submissions.js","statementMap":{"0":{"start":{"line":1,"column":16},"end":{"line":1,"column":34}},"1":{"start":{"line":2,"column":28},"end":{"line":2,"column":69}},"2":{"start":{"line":3,"column":18},"end":{"line":3,"column":52}},"3":{"start":{"line":5,"column":15},"end":{"line":5,"column":31}},"4":{"start":{"line":7,"column":0},"end":{"line":17,"column":5}},"5":{"start":{"line":9,"column":4},"end":{"line":16,"column":53}},"6":{"start":{"line":11,"column":27},"end":{"line":11,"column":54}},"7":{"start":{"line":12,"column":28},"end":{"line":12,"column":81}},"8":{"start":{"line":13,"column":26},"end":{"line":13,"column":61}},"9":{"start":{"line":15,"column":25},"end":{"line":15,"column":58}},"10":{"start":{"line":16,"column":18},"end":{"line":16,"column":51}}
[...]
mn":16}},"loc":{"start":{"line":35,"column":34},"end":{"line":35,"column":80}},"line":35}},"branchMap":{},"s":{"0":1,"1":92,"2":92,"3":92,"4":92,"5":92,"6":92,"7":92,"8":92,"9":92,"10":92,"11":92,"12":92,"13":92,"14":92,"15":92,"16":92,"17":1,"18":92},"f":{"0":92,"1":92,"2":92},"b":{},"_coverageSchema":"332fd63041d2c1bcb487cc26dd0d5f7d97098a6c","hash":"283ecff829bd5c7ab58ca3d7cb77d65cbe3f8dc3"},"/Users/danielgardner/Galvanize/WDI/Mod3/level-up/lvlup-backend/migrations/20170420213822_reward_requests.js":{"path":"/Users/danielgardner/Galvanize/WDI/Mod3/level-up/lvlup-backend/migrations/20170420213822_reward_requests.js","statementMap":{"0":{"start":{"line":1,"column":0},"end":{"line":29,"column":3}},"1":{"start":{"line":1,"column":32},"end":{"line":29,"column":2}},"2":{"start":{"line":2,"column":2},"end":{"line":3,"column":13}},"3":{"start":{"line":4,"column":2},"end":{"line":8,"column":23}},"4":{"start":{"line":9,"column":2},"end":{"line":13,"column":23}},"5":{"start":{"line":14,"column":2},"end":{"line":18,"column":23}},"6":{"start":{"line":19,"column":2},"end":{"line":23,"column":23}},"7":{"start":{"line":24,"column":2},"end":{"line":26,"column":31}},"8":{"start":{"line":27,"column":2},"end":{"line":27,"column":24}},"9":{"start":{"line":28,"column":2},"end":{"line":28,"column":31}},"10":{"start":{"line":31,"column":0},"end":{"line":31,"column":75}},"11":{"start":{"line":31,"column":34},"end":{"line":31,"column":74}}},"fnMap":{"0":{"name":"(anonymous_0)","decl":{"start":{"line":1,"column":13},"end":{"line":1,"column":14}},"loc":{"start":{"line":1,"column":32},"end":{"line":29,"column":2}},"line":1},"1":{"name":"(anonymous_1)","decl":{"start":{"line":1,"column":75},"end":{"line":1,"column":76}},"loc":{"start":{"line":1,"column":86},"end":{"line":29,"column":1}},"line":1},"2":{"name":"(anonymous_2)","decl":{"start":{"line":31,"column":15},"end":{"line":31,"column":16}},"loc":{"start":{"line":31,"column":34},"end":{"line":31,"column":74}},"line":31}},"branchMap":{},"s":{"0":1,"1":92,"2":92,"3":92,"4":92,"5":92,"6":92,"7":92,"8":92,"9":92,"10":1,"11":92},"f":{"0":92,"1":92,"2":92},"b":{},"_coverageSchema":"332fd63041d2c1bcb487cc26dd0d5f7d97098a6c","hash":"fd1e424cc33f3e53c2e1caf945884022015f07af"},"/Users/danielgardner/Galvanize/WDI/Mod3/level-up/lvlup-backend/migrations/20170420213853_reward_suggestions.js":{"path":"/Users/danielgardner/Galvanize/WDI/Mod3/level-up/lvlup-backend/migrations/20170420213853_reward_suggestions.js","statementMap":{"0":{"start":{"line":1,"column":0},"end":{"line":15,"column":3}},"1":{"start":{"line":1,"column":32},"end":{"line":15,"column":2}},"2":{"start":{"line":2,"column":2},"end":{"line":3,"column":13}},"3":{"start":{"line":4,"column":2},"end":{"line":5,"column":17}},"4":{"start":{"line":6,"column":2},"end":{"line":7,"column":17}},"5":{"start":{"line":8,"column":2},"end":{"line":8,"column":25}},"6":{"start":{"line":9,"column":2},"end":{"line":13,"column":23}},"7":{"start":{"line":14,"column":2},"end":{"line":14,"column":31}},"8":{"start":{"line":17,"column":0},"end":{"line":17,"column":78}},"9":{"start":{"line":17,"column":34},"end":{"line":17,"column":77}}},"fnMap":{"0":{"name":"(anonymous_0)","decl":{"start":{"line":1,"column":13},"end":{"line":1,"column":14}},"loc":{"start":{"line":1,"column":32},"end":{"line":15,"column":2}},"line":1},"1":{"name":"(anonymous_1)","decl":{"start":{"line":1,"column":78},"end":{"line":1,"column":79}},"loc":{"start":{"line":1,"column":89},"end":{"line":15,"column":1}},"line":1},"2":{"name":"(anonymous_2)","decl":{"start":{"line":17,"column":15},"end":{"line":17,"column":16}},"loc":{"start":{"line":17,"column":34},"end":{"line":17,"column":77}},"line":17}},"branchMap":{},"s":{"0":1,"1":92,"2":92,"3":92,"4":92,"5":92,"6":92,"7":92,"8":1,"9":92},"f":{"0":92,"1":92,"2":92},"b":{},"_coverageSchema":"332fd63041d2c1bcb487cc26dd0d5f7d97098a6c","hash":"3b80365419429bd6a7150ecb3489c7798387dc84"},"/Users/danielgardner/Galvanize/WDI/Mod3/level-up/lvlup-backend/migrations/20170420214156_reward_suggestion_students.js":{"path":"/Users/danielgardner/Galvanize/WDI/Mod3/level-up/lvlup-backend/migrations/20170420214156_reward_suggestion_students.js","statementMap":{"0":{"start":{"line":1,"column":0},"end":{"line":15,"column":3}},"1":{"start":{"line":1,"column":32},"end":{"line":15,"column":2}},"2":{"start":{"line":2,"column":2},"end":{"line":3,"column":13}},"3":{"start":{"line":4,"column":2},"end":{"line":8,"column":23}},"4":{"start":{"line":9,"column":2},"end":{"line":13,"column":23}},"5":{"start":{"line":14,"column":2},"end":{"line":14,"column":31}},"6":{"start":{"line":17,"column":0},"end":{"line":17,"column":86}},"7":{"start":{"line":17,"column":34},"end":{"line":17,"column":85}}},"fnMap":{"0":{"name":"(anonymous_0)","decl":{"start":{"line":1,"column":13},"end":{"line":1,"column":14}},"loc":{"start":{"line":1,"column":32},"end":{"line":15,"column":2}},"line":1},"1":{"name":"(anonymous_1)","decl":{"start":{"line":1,"column":86},"end":{"line":1,"column":87}},"loc":{"start":{"line":1,"column":97},"end":{"line":15,"column":1}},"line":1},"2":{"name":"(anonymous_2)","decl":{"start":{"line":17,"column":15},"end":{"line":17,"column":16}},"loc":{"start":{"line":17,"column":34},"end":{"line":17,"column":85}},"line":17}},"branchMap":{},"s":{"0":1,"1":92,"2":92,"3":92,"4":92,"5":92,"6":1,"7":92},"f":{"0":92,"1":92,"2":92},"b":{},"_coverageSchema":"332fd63041d2c1bcb487cc26dd0d5f7d97098a6c","hash":"46e5d310802e519e1a6f3e092395f6a76ce2c64f"},"/Users/danielgardner/Galvanize/WDI/Mod3/level-up/lvlup-backend/seeds/01_campuses.js":{"path":"/Users/danielgardner/Galvanize/WDI/Mod3/level-up/lvlup-backend/seeds/01_campuses.js","statementMap":{"0":{"start":{"line":1,"column":0},"end":{"line":42,"column":2}},"1":{"start":{"line":2,"column":2},"end":{"line":41,"column":94}},"2":{"start":{"line":3,"column":14},"end":{"line":40,"column":4}},"3":{"start":{"line":41,"column":14},"end":{"line":41,"column":92}}},"fnMap":{"0":{"name":"(anonymous_0)","decl":{"start":{"line":1,"column":15},"end":{"line":1,"column":16}},"loc":{"start":{"line":1,"column":40},"end":{"line":42,"column":1}},"line":1},"1":{"name":"(anonymous_1)","decl":{"start":{"line":3,"column":8},"end":{"line":3,"column":9}},"loc":{"start":{"line":3,"column":14},"end":{"line":40,"column":4}},"line":3},"2":{"name":"(anonymous_2)","decl":{"start":{"line":41,"column":8},"end":{"line":41,"column":9}},"loc":{"start":{"line":41,"column":14},"end":{"line":41,"column":92}},"line":41}},"branchMap":{},"s":{"0":1,"1":828,"2":828,"3":828},"f":{"0":828,"1":828,"2":828},"b":{},"_coverageSchema":"332fd63041d2c1bcb487cc26dd0d5f7d97098a6c","hash":"5e2871ccce09493ccafd8d68ec2ff3cdc110da94"},"/Users/danielgardner/Galvanize/WDI/Mod3/level-up/lvlup-backend/seeds/02_admins.js":{"path":"/Users/danielgardner/Galvanize/WDI/Mod3/level-up/lvlup-backend/seeds/02_admins.js","statementMap":{"0":{"start":{"line":1,"column":0},"end":{"line":22,"column":2}},"1":{"start":{"line":2,"column":2},"end":{"line":21,"column":90}},"2":{"start":{"line":3,"column":14},"end":{"line":20,"column":4}},"3":{"start":{"line":21,"column":14},"end":{"line":21,"column":88}}},"fnMap":{"0":{"name":"(anonymous_0)","decl":{"start":{"line":1,"column":15},"end":{"line":1,"column":16}},"loc":{"start":{"line":1,"column":40},"end":{"line":22,"column":1}},"line":1},"1":{"name":"(anonymous_1)","decl":{"start":{"line":3,"column":8},"end":{"line":3,"column":9}},"loc":{"start":{"line":3,"column":14},"end":{"line":20,"column":4}},"line":3},"2":{"name":"(anonymous_2)","decl":{"start":{"line":21,"column":8},"end":{"line":21,"column":9}},"loc":{"start":{"line":21,"column":14},"end":{"line":21,"column":88}},"line":21}},"branchMap":{},"s":{"0":1,"1":828,"2":828,"3":828},"f":{"0":828,"1":828,"2":828},"b":{},"_coverageSchema":"332fd63041d2c1bcb487cc26dd0d5f7d97098a6c","hash":"4394765ceed877d8ad70bff3f6c8e1f199c841a5"},"/Users/danielgardner/Galvanize/WDI/Mod3/level-up/lvlup-backend/seeds/03_cohorts.js":{"path":"/Users/danielgardner/Galvanize/WDI/Mod3/level-up/lvlup-backend/seeds/03_cohorts.js","statementMap":{"0":{"start":{"line":1,"column":0},"end":{"line":61,"column":2}},"1":{"start":{"line":2,"column":2},"end":{"line":60,"column":94}},"2":{"start":{"line":3,"column":14},"end":{"line":59,"column":4}},"3":{"start":{"line":60,"column":16},"end":{"line":60,"column":92}}},"fnMap":{"0":{"name":"(anonymous_0)","decl":{"start":{"line":1,"column":15},"end":{"line":1,"column":16}},"loc":{"start":{"line":1,"column":40},"end":{"line":61,"column":1}},"line":1},"1":{"name":"(anonymous_1)","decl":{"start":{"line":3,"column":8},"end":{"line":3,"column":9}},"loc":{"start":{"line":3,"column":14},"end":{"line":59,"column":4}},"line":3},"2":{"name":"(anonymous_2)","decl":{"start":{"line":60,"column":10},"end":{"line":60,"column":11}},"loc":{"start":{"line":60,"column":16},"end":{"line":60,"column":92}},"line":60}},"branchMap":{},"s":{"0":1,"1":828,"2":828,"3":828},"f":{"0":828,"1":828,"2":828},"b":{},"_coverageSchema":"332fd63041d2c1bcb487cc26dd0d5f7d97098a6c","hash":"14f07d188cce7d13f4ec763a3e127d3b8b0128d9"},"/Users/danielgardner/Galvanize/WDI/Mod3/level-up/lvlup-backend/seeds/04_admin_cohorts.js":{"path":"/Users/danielgardner/Galvanize/WDI/Mod3/level-up/lvlup-backend/seeds/04_admin_cohorts.js","statementMap":{"0":{"start":{"line":1,"column":0},"end":{"line":26,"column":2}},"1":{"start":{"line":2,"column":2},"end":{"line":25,"column":104}},"2":{"start":{"line":3,"column":14},"end":{"line":24,"column":4}},"3":{"start":{"line":25,"column":14},"end":{"line":25,"column":102}}},"fnMap":{"0":{"name":"(anonymous_0)","decl":{"start":{"line":1,"column":15},"end":{"line":1,"column":16}},"loc":{"start":{"line":1,"column":40},"end":{"line":26,"column":1}},"line":1},"1":{"name":"(anonymous_1)","decl":{"start":{"line":3,"column":8},"end":{"line":3,"column":9}},"loc":{"start":{"line":3,"column":14},"end":{"line":24,"column":4}},"line":3},"2":{"name":"(anonymous_2)","decl":{"start":{"line":25,"column":8},"end":{"line":25,"column":9}},"loc":{"start":{"line":25,"column":14},"end":{"line":25,"column":102}},"line":25}},"branchMap":{},"s":{"0":1,"1":828,"2":828,"3":828},"f":{"0":828,"1":828,"2":828},"b":{},"_coverageSchema":"332fd63041d2c1bcb487cc26dd0d5f7d97098a6c","hash":"f843c1fc35dd49397909fb0984104610b22d7501"},"/Users/danielgardner/Galvanize/WDI/Mod3/level-up/lvlup-backend/seeds/05_students.js":{"path":"/Users/danielgardner/Galvanize/WDI/Mod3/level-up/lvlup-backend/seeds/05_students.js","statementMap":{"0":{"start":{"line":1,"column":0},"end":{"line":31,"column":2}},"1":{"start":{"line":2,"column":2},"end":{"line":30,"column":96}},"2":{"start":{"line":3,"column":14},"end":{"line":29,"column":4}},"3":{"start":{"line":30,"column":16},"end":{"line":30,"column":94}}},"fnMap":{"0":{"name":"(anonymous_0)","decl":{"start":{"line":1,"column":15},"end":{"line":1,"column":16}},"loc":{"start":{"line":1,"column":40},"end":{"line":31,"column":1}},"line":1},"1":{"name":"(anonymous_1)","decl":{"start":{"line":3,"column":8},"end":{"line":3,"column":9}},"loc":{"start":{"line":3,"column":14},"end":{"line":29,"column":4}},"line":3},"2":{"name":"(anonymous_2)","decl":{"start":{"line":30,"column":10},"end":{"line":30,"column":11}},"loc":{"start":{"line":30,"column":16},"end":{"line":30,"column":94}},"line":30}},"branchMap":{},"s":{"0":1,"1":828,"2":828,"3":828},"f":{"0":828,"1":828,"2":828},"b":{},"_coverageSchema":"332fd63041d2c1bcb487cc26dd0d5f7d97098a6c","hash":"7b2247344e6b56f1426210f89a6f732a5d8176b3"},"/Users/danielgardner/Galvanize/WDI/Mod3/level-up/lvlup-backend/seeds/06_categories.js":{"path":"/Users/danielgardner/Galvanize/WDI/Mod3/level-up/lvlup-backend/seeds/06_categories.js","statementMap":{"0":{"start":{"line":1,"column":0},"end":{"line":22,"column":2}},"1":{"start":{"line":2,"column":2},"end":{"line":21,"column":98}},"2":{"start":{"line":3,"column":14},"end":{"line":20,"column":4}},"3":{"start":{"line":21,"column":14},"end":{"line":21,"column":96}}},"fnMap":{"0":{"name":"(anonymous_0)","decl":{"start":{"line":1,"column":15},"end":{"line":1,"column":16}},"loc":{"start":{"line":1,"column":40},"end":{"line":22,"column":1}},"line":1},"1":{"name":"(anonymous_1)","decl":{"start":{"line":3,"column":8},"end":{"line":3,"column":9}},"loc":{"start":{"line":3,"column":14},"end":{"line":20,"column":4}},"line":3},"2":{"name":"(anonymous_2)","decl":{"start":{"line":21,"column":8},"end":{"line":21,"column":9}},"loc":{"start":{"line":21,"column":14},"end":{"line":21,"column":96}},"line":21}},"branchMap":{},"s":{"0":1,"1":828,"2":828,"3":828},"f":{"0":828,"1":828,"2":828},"b":{},"_coverageSchema":"332fd63041d2c1bcb487cc26dd0d5f7d97098a6c","hash":"35291f0ba79fd7d415520fd21a74abcb83ff9766"},"/Users/danielgardner/Galvanize/WDI/Mod3/level-up/lvlup-backend/seeds/07_rewards.js":{"path":"/Users/danielgardner/Galvanize/WDI/Mod3/level-up/lvlup-backend/seeds/07_rewards.js","statementMap":{"0":{"start":{"line":1,"column":0},"end":{"line":70,"column":2}},"1":{"start":{"line":2,"column":2},"end":{"line":69,"column":92}},"2":{"start":{"line":3,"column":14},"end":{"line":68,"column":4}},"3":{"start":{"line":69,"column":14},"end":{"line":69,"column":90}}},"fnMap":{"0":{"name":"(anonymous_0)","decl":{"start":{"line":1,"column":15},"end":{"line":1,"column":16}},"loc":{"start":{"line":1,"column":40},"end":{"line":70,"column":1}},"line":1},"1":{"name":"(anonymous_1)","decl":{"start":{"line":3,"column":8},"end":{"line":3,"column":9}},"loc":{"start":{"line":3,"column":14},"end":{"line":68,"column":4}},"line":3},"2":{"name":"(anonymous_2)","decl":{"start":{"line":69,"column":8},"end":{"line":69,"column":9}},"loc":{"start":{"line":69,"column":14},"end":{"line":69,"column":90}},"line":69}},"branchMap":{},"s":{"0":1,"1":828,"2":828,"3":828},"f":{"0":828,"1":828,"2":828},"b":{},"_coverageSchema":"332fd63041d2c1bcb487cc26dd0d5f7d97098a6c","hash":"7ad2d22aee448f098c6df9a373152ad9f89806a0"},"/Users/danielgardner/Galvanize/WDI/Mod3/level-up/lvlup-backend/seeds/08_challenges.js":{"path":"/Users/danielgardner/Galvanize/WDI/Mod3/level-up/lvlup-backend/seeds/08_challenges.js","statementMap":{"0":{"start":{"line":1,"column":0},"end":{"line":66,"column":2}},"1":{"start":{"line":2,"column":2},"end":{"line":65,"column":98}},"2":{"start":{"line":3,"column":14},"end":{"line":64,"column":4}},"3":{"start":{"line":65,"column":14},"end":{"line":65,"column":96}}},"fnMap":{"0":{"name":"(anonymous_0)","decl":{"start":{"line":1,"column":15},"end":{"line":1,"column":16}},"loc":{"start":{"line":1,"column":40},"end":{"line":66,"column":1}},"line":1},"1":{"name":"(anonymous_1)","decl":{"start":{"line":3,"column":8},"end":{"line":3,"column":9}},"loc":{"start":{"line":3,"column":14},"end":{"line":64,"column":4}},"line":3},"2":{"name":"(anonymous_2)","decl":{"start":{"line":65,"column":8},"end":{"line":65,"column":9}},"loc":{"start":{"line":65,"column":14},"end":{"line":65,"column":96}},"line":65}},"branchMap":{},"s":{"0":1,"1":828,"2":828,"3":828},"f":{"0":828,"1":828,"2":828},"b":{},"_coverageSchema":"332fd63041d2c1bcb487cc26dd0d5f7d97098a6c","hash":"8d3719e456b7cb5374fe608fe10af424ac1d35d3"},"/Users/danielgardner/Galvanize/WDI/Mod3/level-up/lvlup-backend/seeds/09_challenge_submissions.js":{"path":"/Users/danielgardner/Galvanize/WDI/Mod3/level-up/lvlup-backend/seeds/09_challenge_submissions.js","statementMap":{"0":{"start":{"line":2,"column":0},"end":{"line":304,"column":2}},"1":{"start":{"line":3,"column":2},"end":{"line":303,"column":120}},"2":{"start":{"line":4,"column":14},"end":{"line":302,"column":4}},"3":{"start":{"line":303,"column":14},"end":{"line":303,"column":118}}},"fnMap":{"0":{"name":"(anonymous_0)","decl":{"start":{"line":2,"column":15},"end":{"line":2,"column":16}},"loc":{"start":{"line":2,"column":40},"end":{"line":304,"column":1}},"line":2},"1":{"name":"(anonymous_1)","decl":{"start":{"line":4,"column":8},"end":{"line":4,"column":9}},"loc":{"start":{"line":4,"column":14},"end":{"line":302,"column":4}},"line":4},"2":{"name":"(anonymous_2)","decl":{"start":{"line":303,"column":8},"end":{"line":303,"column":9}},"loc":{"start":{"line":303,"column":14},"end":{"line":303,"column":118}},"line":303}},"branchMap":{},"s":{"0":1,"1":828,"2":828,"3":828},"f":{"0":828,"1":828,"2":828},"b":{},"_coverageSchema":"332fd63041d2c1bcb487cc26dd0d5f7d97098a6c","hash":"4ec54d9076a5a2c252c26e7c6244d8fbdc0a7580"},"/Users/danielgardner/Galvanize/WDI/Mod3/level-up/lvlup-backend/seeds/10_reward_requests.js":{"path":"/Users/danielgardner/Galvanize/WDI/Mod3/level-up/lvlup-backend/seeds/10_reward_requests.js","statementMap":{"0":{"start":{"line":2,"column":0},"end":{"line":188,"column":2}},"1":{"start":{"line":3,"column":2},"end":{"line":187,"column":108}},"2":{"start":{"line":4,"column":14},"end":{"line":186,"column":4}},"3":{"start":{"line":187,"column":14},"end":{"line":187,"column":106}}},"fnMap":{"0":{"name":"(anonymous_0)","decl":{"start":{"line":2,"column":15},"end":{"line":2,"column":16}},"loc":{"start":{"line":2,"column":40},"end":{"line":188,"column":1}},"line":2},"1":{"name":"(anonymous_1)","decl":{"start":{"line":4,"column":8},"end":{"line":4,"column":9}},"loc":{"start":{"line":4,"column":14},"end":{"line":186,"column":4}},"line":4},"2":{"name":"(anonymous_2)","decl":{"start":{"line":187,"column":8},"end":{"line":187,"column":9}},"loc":{"start":{"line":187,"column":14},"end":{"line":187,"column":106}},"line":187}},"branchMap":{},"s":{"0":1,"1":828,"2":828,"3":828},"f":{"0":828,"1":828,"2":828},"b":{},"_coverageSchema":"332fd63041d2c1bcb487cc26dd0d5f7d97098a6c","hash":"5a4282c7e3b3e69397bcb12b41a25145310d81c2"},"/Users/danielgardner/Galvanize/WDI/Mod3/level-up/lvlup-backend/seeds/11_reward_suggestions.js":{"path":"/Users/danielgardner/Galvanize/WDI/Mod3/level-up/lvlup-backend/seeds/11_reward_suggestions.js","statementMap":{"0":{"start":{"line":2,"column":0},"end":{"line":21,"column":2}},"1":{"start":{"line":3,"column":2},"end":{"line":20,"column":114}},"2":{"start":{"line":4,"column":14},"end":{"line":19,"column":4}},"3":{"start":{"line":20,"column":14},"end":{"line":20,"column":112}}},"fnMap":{"0":{"name":"(anonymous_0)","decl":{"start":{"line":2,"column":15},"end":{"line":2,"column":16}},"loc":{"start":{"line":2,"column":40},"end":{"line":21,"column":1}},"line":2},"1":{"name":"(anonymous_1)","decl":{"start":{"line":4,"column":8},"end":{"line":4,"column":9}},"loc":{"start":{"line":4,"column":14},"end":{"line":19,"column":4}},"line":4},"2":{"name":"(anonymous_2)","decl":{"start":{"line":20,"column":8},"end":{"line":20,"column":9}},"loc":{"start":{"line":20,"column":14},"end":{"line":20,"column":112}},"line":20}},"branchMap":{},"s":{"0":1,"1":828,"2":828,"3":828},"f":{"0":828,"1":828,"2":828},"b":{},"_coverageSchema":"332fd63041d2c1bcb487cc26dd0d5f7d97098a6c","hash":"7a29cd95871a380ae6ed577447781c930958b97e"},"/Users/danielgardner/Galvanize/WDI/Mod3/level-up/lvlup-backend/seeds/12_reward_suggestion_students.js":{"path":"/Users/danielgardner/Galvanize/WDI/Mod3/level-up/lvlup-backend/seeds/12_reward_suggestion_students.js","statementMap":{"0":{"start":{"line":2,"column":0},"end":{"line":32,"column":2}},"1":{"start":{"line":3,"column":2},"end":{"line":31,"column":130}},"2":{"start":{"line":4,"column":14},"end":{"line":30,"column":4}},"3":{"start":{"line":31,"column":14},"end":{"line":31,"column":128}}},"fnMap":{"0":{"name":"(anonymous_0)","decl":{"start":{"line":2,"column":15},"end":{"line":2,"column":16}},"loc":{"start":{"line":2,"column":40},"end":{"line":32,"column":1}},"line":2},"1":{"name":"(anonymous_1)","decl":{"start":{"line":4,"column":8},"end":{"line":4,"column":9}},"loc":{"start":{"line":4,"column":14},"end":{"line":30,"column":4}},"line":4},"2":{"name":"(anonymous_2)","decl":{"start":{"line":31,"column":8},"end":{"line":31,"column":9}},"loc":{"start":{"line":31,"column":14},"end":{"line":31,"column":128}},"line":31}},"branchMap":{},"s":{"0":1,"1":828,"2":828,"3":828},"f":{"0":828,"1":828,"2":828},"b":{},"_coverageSchema":"332fd63041d2c1bcb487cc26dd0d5f7d97098a6c","hash":"0e482c5c939508d79eec5ba76a7f04aa3123e778"}}